{"C:\\Users\\이진동\\Desktop\\sparta\\node deepening\\petsitter-backoffice\\src\\controllers\\petsitters.controller.js": {"path":"C:\\Users\\이진동\\Desktop\\sparta\\node deepening\\petsitter-backoffice\\src\\controllers\\petsitters.controller.js","statementMap":{"0":{"start":{"line":3,"column":4},"end":{"line":3,"column":47}},"1":{"start":{"line":5,"column":15},"end":{"line":32,"column":3}},"2":{"start":{"line":6,"column":4},"end":{"line":31,"column":5}},"3":{"start":{"line":7,"column":25},"end":{"line":7,"column":33}},"4":{"start":{"line":8,"column":65},"end":{"line":8,"column":74}},"5":{"start":{"line":10,"column":6},"end":{"line":10,"column":40}},"6":{"start":{"line":11,"column":6},"end":{"line":11,"column":29}},"7":{"start":{"line":12,"column":6},"end":{"line":12,"column":33}},"8":{"start":{"line":13,"column":6},"end":{"line":13,"column":51}},"9":{"start":{"line":14,"column":6},"end":{"line":14,"column":52}},"10":{"start":{"line":15,"column":6},"end":{"line":17,"column":7}},"11":{"start":{"line":16,"column":8},"end":{"line":16,"column":45}},"12":{"start":{"line":18,"column":22},"end":{"line":26,"column":7}},"13":{"start":{"line":27,"column":22},"end":{"line":27,"column":70}},"14":{"start":{"line":28,"column":6},"end":{"line":28,"column":36}},"15":{"start":{"line":30,"column":6},"end":{"line":30,"column":49}},"16":{"start":{"line":33,"column":19},"end":{"line":39,"column":3}},"17":{"start":{"line":34,"column":19},"end":{"line":34,"column":28}},"18":{"start":{"line":35,"column":4},"end":{"line":35,"column":27}},"19":{"start":{"line":37,"column":24},"end":{"line":37,"column":73}},"20":{"start":{"line":38,"column":4},"end":{"line":38,"column":38}}},"fnMap":{"0":{"name":"(anonymous_0)","decl":{"start":{"line":2,"column":2},"end":{"line":2,"column":3}},"loc":{"start":{"line":2,"column":33},"end":{"line":4,"column":3}},"line":2},"1":{"name":"(anonymous_1)","decl":{"start":{"line":5,"column":15},"end":{"line":5,"column":16}},"loc":{"start":{"line":5,"column":41},"end":{"line":32,"column":3}},"line":5},"2":{"name":"(anonymous_2)","decl":{"start":{"line":33,"column":19},"end":{"line":33,"column":20}},"loc":{"start":{"line":33,"column":45},"end":{"line":39,"column":3}},"line":33}},"branchMap":{"0":{"loc":{"start":{"line":10,"column":14},"end":{"line":10,"column":39}},"type":"cond-expr","locations":[{"start":{"line":10,"column":22},"end":{"line":10,"column":27}},{"start":{"line":10,"column":30},"end":{"line":10,"column":39}}],"line":10},"1":{"loc":{"start":{"line":11,"column":13},"end":{"line":11,"column":28}},"type":"cond-expr","locations":[{"start":{"line":11,"column":20},"end":{"line":11,"column":24}},{"start":{"line":11,"column":27},"end":{"line":11,"column":28}}],"line":11},"2":{"loc":{"start":{"line":12,"column":14},"end":{"line":12,"column":32}},"type":"cond-expr","locations":[{"start":{"line":12,"column":22},"end":{"line":12,"column":27}},{"start":{"line":12,"column":30},"end":{"line":12,"column":32}}],"line":12},"3":{"loc":{"start":{"line":13,"column":17},"end":{"line":13,"column":50}},"type":"cond-expr","locations":[{"start":{"line":13,"column":28},"end":{"line":13,"column":36}},{"start":{"line":13,"column":39},"end":{"line":13,"column":50}}],"line":13},"4":{"loc":{"start":{"line":14,"column":19},"end":{"line":14,"column":51}},"type":"cond-expr","locations":[{"start":{"line":14,"column":32},"end":{"line":14,"column":42}},{"start":{"line":14,"column":45},"end":{"line":14,"column":51}}],"line":14},"5":{"loc":{"start":{"line":15,"column":6},"end":{"line":17,"column":7}},"type":"if","locations":[{"start":{"line":15,"column":6},"end":{"line":17,"column":7}},{"start":{},"end":{}}],"line":15},"6":{"loc":{"start":{"line":35,"column":11},"end":{"line":35,"column":26}},"type":"cond-expr","locations":[{"start":{"line":35,"column":18},"end":{"line":35,"column":22}},{"start":{"line":35,"column":25},"end":{"line":35,"column":26}}],"line":35}},"s":{"0":1,"1":1,"2":2,"3":2,"4":2,"5":2,"6":2,"7":2,"8":2,"9":2,"10":2,"11":1,"12":1,"13":1,"14":1,"15":1,"16":1,"17":1,"18":1,"19":1,"20":1},"f":{"0":1,"1":2,"2":1},"b":{"0":[1,1],"1":[1,1],"2":[1,1],"3":[1,1],"4":[1,1],"5":[1,1],"6":[1,0]},"_coverageSchema":"1a1c01bbd47fc00a2c39e90264f33305004495a9","hash":"0b8f7556bcda26720fc8d71d4ace9c66fe1061d9"}
,"C:\\Users\\이진동\\Desktop\\sparta\\node deepening\\petsitter-backoffice\\src\\controllers\\reservation.controller.js": {"path":"C:\\Users\\이진동\\Desktop\\sparta\\node deepening\\petsitter-backoffice\\src\\controllers\\reservation.controller.js","statementMap":{"0":{"start":{"line":4,"column":6},"end":{"line":4,"column":43}},"1":{"start":{"line":8,"column":18},"end":{"line":28,"column":3}},"2":{"start":{"line":10,"column":25},"end":{"line":10,"column":33}},"3":{"start":{"line":11,"column":58},"end":{"line":11,"column":66}},"4":{"start":{"line":13,"column":22},"end":{"line":13,"column":124}},"5":{"start":{"line":15,"column":6},"end":{"line":17,"column":7}},"6":{"start":{"line":16,"column":10},"end":{"line":16,"column":69}},"7":{"start":{"line":19,"column":6},"end":{"line":21,"column":7}},"8":{"start":{"line":20,"column":10},"end":{"line":20,"column":66}},"9":{"start":{"line":23,"column":6},"end":{"line":25,"column":7}},"10":{"start":{"line":24,"column":10},"end":{"line":24,"column":67}},"11":{"start":{"line":27,"column":6},"end":{"line":27,"column":53}},"12":{"start":{"line":32,"column":21},"end":{"line":42,"column":3}},"13":{"start":{"line":33,"column":25},"end":{"line":33,"column":33}},"14":{"start":{"line":35,"column":22},"end":{"line":35,"column":70}},"15":{"start":{"line":37,"column":6},"end":{"line":39,"column":7}},"16":{"start":{"line":38,"column":10},"end":{"line":38,"column":69}},"17":{"start":{"line":41,"column":6},"end":{"line":41,"column":53}},"18":{"start":{"line":45,"column":18},"end":{"line":69,"column":3}},"19":{"start":{"line":46,"column":25},"end":{"line":46,"column":33}},"20":{"start":{"line":47,"column":58},"end":{"line":47,"column":66}},"21":{"start":{"line":49,"column":22},"end":{"line":49,"column":120}},"22":{"start":{"line":51,"column":6},"end":{"line":53,"column":7}},"23":{"start":{"line":52,"column":10},"end":{"line":52,"column":67}},"24":{"start":{"line":55,"column":6},"end":{"line":57,"column":7}},"25":{"start":{"line":56,"column":10},"end":{"line":56,"column":66}},"26":{"start":{"line":59,"column":6},"end":{"line":61,"column":7}},"27":{"start":{"line":60,"column":10},"end":{"line":60,"column":68}},"28":{"start":{"line":63,"column":6},"end":{"line":65,"column":7}},"29":{"start":{"line":64,"column":10},"end":{"line":64,"column":79}},"30":{"start":{"line":68,"column":6},"end":{"line":68,"column":53}},"31":{"start":{"line":71,"column":18},"end":{"line":85,"column":3}},"32":{"start":{"line":72,"column":25},"end":{"line":72,"column":33}},"33":{"start":{"line":74,"column":22},"end":{"line":74,"column":69}},"34":{"start":{"line":76,"column":6},"end":{"line":78,"column":7}},"35":{"start":{"line":77,"column":10},"end":{"line":77,"column":67}},"36":{"start":{"line":80,"column":6},"end":{"line":82,"column":7}},"37":{"start":{"line":81,"column":10},"end":{"line":81,"column":79}},"38":{"start":{"line":84,"column":6},"end":{"line":84,"column":62}}},"fnMap":{"0":{"name":"(anonymous_0)","decl":{"start":{"line":3,"column":2},"end":{"line":3,"column":3}},"loc":{"start":{"line":3,"column":30},"end":{"line":5,"column":3}},"line":3},"1":{"name":"(anonymous_1)","decl":{"start":{"line":8,"column":18},"end":{"line":8,"column":19}},"loc":{"start":{"line":8,"column":44},"end":{"line":28,"column":3}},"line":8},"2":{"name":"(anonymous_2)","decl":{"start":{"line":32,"column":21},"end":{"line":32,"column":22}},"loc":{"start":{"line":32,"column":47},"end":{"line":42,"column":3}},"line":32},"3":{"name":"(anonymous_3)","decl":{"start":{"line":45,"column":18},"end":{"line":45,"column":19}},"loc":{"start":{"line":45,"column":44},"end":{"line":69,"column":3}},"line":45},"4":{"name":"(anonymous_4)","decl":{"start":{"line":71,"column":18},"end":{"line":71,"column":19}},"loc":{"start":{"line":71,"column":44},"end":{"line":85,"column":3}},"line":71}},"branchMap":{"0":{"loc":{"start":{"line":15,"column":6},"end":{"line":17,"column":7}},"type":"if","locations":[{"start":{"line":15,"column":6},"end":{"line":17,"column":7}},{"start":{},"end":{}}],"line":15},"1":{"loc":{"start":{"line":19,"column":6},"end":{"line":21,"column":7}},"type":"if","locations":[{"start":{"line":19,"column":6},"end":{"line":21,"column":7}},{"start":{},"end":{}}],"line":19},"2":{"loc":{"start":{"line":23,"column":6},"end":{"line":25,"column":7}},"type":"if","locations":[{"start":{"line":23,"column":6},"end":{"line":25,"column":7}},{"start":{},"end":{}}],"line":23},"3":{"loc":{"start":{"line":37,"column":6},"end":{"line":39,"column":7}},"type":"if","locations":[{"start":{"line":37,"column":6},"end":{"line":39,"column":7}},{"start":{},"end":{}}],"line":37},"4":{"loc":{"start":{"line":51,"column":6},"end":{"line":53,"column":7}},"type":"if","locations":[{"start":{"line":51,"column":6},"end":{"line":53,"column":7}},{"start":{},"end":{}}],"line":51},"5":{"loc":{"start":{"line":55,"column":6},"end":{"line":57,"column":7}},"type":"if","locations":[{"start":{"line":55,"column":6},"end":{"line":57,"column":7}},{"start":{},"end":{}}],"line":55},"6":{"loc":{"start":{"line":59,"column":6},"end":{"line":61,"column":7}},"type":"if","locations":[{"start":{"line":59,"column":6},"end":{"line":61,"column":7}},{"start":{},"end":{}}],"line":59},"7":{"loc":{"start":{"line":63,"column":6},"end":{"line":65,"column":7}},"type":"if","locations":[{"start":{"line":63,"column":6},"end":{"line":65,"column":7}},{"start":{},"end":{}}],"line":63},"8":{"loc":{"start":{"line":76,"column":6},"end":{"line":78,"column":7}},"type":"if","locations":[{"start":{"line":76,"column":6},"end":{"line":78,"column":7}},{"start":{},"end":{}}],"line":76},"9":{"loc":{"start":{"line":80,"column":6},"end":{"line":82,"column":7}},"type":"if","locations":[{"start":{"line":80,"column":6},"end":{"line":82,"column":7}},{"start":{},"end":{}}],"line":80}},"s":{"0":1,"1":1,"2":4,"3":4,"4":4,"5":4,"6":1,"7":3,"8":1,"9":2,"10":1,"11":1,"12":1,"13":2,"14":2,"15":2,"16":1,"17":1,"18":1,"19":5,"20":5,"21":5,"22":5,"23":1,"24":4,"25":1,"26":3,"27":1,"28":2,"29":1,"30":1,"31":1,"32":3,"33":3,"34":3,"35":1,"36":2,"37":1,"38":1},"f":{"0":1,"1":4,"2":2,"3":5,"4":3},"b":{"0":[1,3],"1":[1,2],"2":[1,1],"3":[1,1],"4":[1,4],"5":[1,3],"6":[1,2],"7":[1,1],"8":[1,2],"9":[1,1]},"_coverageSchema":"1a1c01bbd47fc00a2c39e90264f33305004495a9","hash":"ea63e5c8d696d6360cadc0154c19473469086284"}
,"C:\\Users\\이진동\\Desktop\\sparta\\node deepening\\petsitter-backoffice\\src\\controllers\\review.controller.js": {"path":"C:\\Users\\이진동\\Desktop\\sparta\\node deepening\\petsitter-backoffice\\src\\controllers\\review.controller.js","statementMap":{"0":{"start":{"line":3,"column":4},"end":{"line":3,"column":39}},"1":{"start":{"line":6,"column":15},"end":{"line":17,"column":3}},"2":{"start":{"line":7,"column":4},"end":{"line":16,"column":5}},"3":{"start":{"line":8,"column":23},"end":{"line":8,"column":42}},"4":{"start":{"line":9,"column":25},"end":{"line":9,"column":50}},"5":{"start":{"line":10,"column":22},"end":{"line":10,"column":79}},"6":{"start":{"line":12,"column":6},"end":{"line":12,"column":51}},"7":{"start":{"line":15,"column":6},"end":{"line":15,"column":63}},"8":{"start":{"line":19,"column":15},"end":{"line":31,"column":3}},"9":{"start":{"line":20,"column":4},"end":{"line":30,"column":5}},"10":{"start":{"line":21,"column":19},"end":{"line":21,"column":34}},"11":{"start":{"line":22,"column":23},"end":{"line":22,"column":42}},"12":{"start":{"line":23,"column":39},"end":{"line":23,"column":47}},"13":{"start":{"line":24,"column":22},"end":{"line":24,"column":95}},"14":{"start":{"line":26,"column":6},"end":{"line":26,"column":51}},"15":{"start":{"line":29,"column":6},"end":{"line":29,"column":76}},"16":{"start":{"line":33,"column":16},"end":{"line":45,"column":3}},"17":{"start":{"line":34,"column":4},"end":{"line":44,"column":5}},"18":{"start":{"line":35,"column":19},"end":{"line":35,"column":34}},"19":{"start":{"line":36,"column":23},"end":{"line":36,"column":42}},"20":{"start":{"line":37,"column":39},"end":{"line":37,"column":47}},"21":{"start":{"line":38,"column":22},"end":{"line":38,"column":96}},"22":{"start":{"line":40,"column":6},"end":{"line":40,"column":51}},"23":{"start":{"line":43,"column":6},"end":{"line":43,"column":76}},"24":{"start":{"line":47,"column":17},"end":{"line":58,"column":3}},"25":{"start":{"line":48,"column":4},"end":{"line":57,"column":5}},"26":{"start":{"line":49,"column":19},"end":{"line":49,"column":34}},"27":{"start":{"line":50,"column":23},"end":{"line":50,"column":42}},"28":{"start":{"line":51,"column":22},"end":{"line":51,"column":75}},"29":{"start":{"line":53,"column":6},"end":{"line":53,"column":51}},"30":{"start":{"line":56,"column":6},"end":{"line":56,"column":76}}},"fnMap":{"0":{"name":"(anonymous_0)","decl":{"start":{"line":2,"column":2},"end":{"line":2,"column":3}},"loc":{"start":{"line":2,"column":29},"end":{"line":4,"column":3}},"line":2},"1":{"name":"(anonymous_1)","decl":{"start":{"line":6,"column":15},"end":{"line":6,"column":16}},"loc":{"start":{"line":6,"column":41},"end":{"line":17,"column":3}},"line":6},"2":{"name":"(anonymous_2)","decl":{"start":{"line":19,"column":15},"end":{"line":19,"column":16}},"loc":{"start":{"line":19,"column":41},"end":{"line":31,"column":3}},"line":19},"3":{"name":"(anonymous_3)","decl":{"start":{"line":33,"column":16},"end":{"line":33,"column":17}},"loc":{"start":{"line":33,"column":42},"end":{"line":45,"column":3}},"line":33},"4":{"name":"(anonymous_4)","decl":{"start":{"line":47,"column":17},"end":{"line":47,"column":18}},"loc":{"start":{"line":47,"column":43},"end":{"line":58,"column":3}},"line":47}},"branchMap":{"0":{"loc":{"start":{"line":9,"column":25},"end":{"line":9,"column":50}},"type":"binary-expr","locations":[{"start":{"line":9,"column":25},"end":{"line":9,"column":40}},{"start":{"line":9,"column":44},"end":{"line":9,"column":50}}],"line":9},"1":{"loc":{"start":{"line":15,"column":17},"end":{"line":15,"column":27}},"type":"binary-expr","locations":[{"start":{"line":15,"column":17},"end":{"line":15,"column":20}},{"start":{"line":15,"column":24},"end":{"line":15,"column":27}}],"line":15},"2":{"loc":{"start":{"line":15,"column":45},"end":{"line":15,"column":59}},"type":"binary-expr","locations":[{"start":{"line":15,"column":45},"end":{"line":15,"column":48}},{"start":{"line":15,"column":52},"end":{"line":15,"column":59}}],"line":15},"3":{"loc":{"start":{"line":29,"column":17},"end":{"line":29,"column":32}},"type":"binary-expr","locations":[{"start":{"line":29,"column":17},"end":{"line":29,"column":25}},{"start":{"line":29,"column":29},"end":{"line":29,"column":32}}],"line":29},"4":{"loc":{"start":{"line":29,"column":50},"end":{"line":29,"column":72}},"type":"binary-expr","locations":[{"start":{"line":29,"column":50},"end":{"line":29,"column":61}},{"start":{"line":29,"column":65},"end":{"line":29,"column":72}}],"line":29},"5":{"loc":{"start":{"line":43,"column":17},"end":{"line":43,"column":32}},"type":"binary-expr","locations":[{"start":{"line":43,"column":17},"end":{"line":43,"column":25}},{"start":{"line":43,"column":29},"end":{"line":43,"column":32}}],"line":43},"6":{"loc":{"start":{"line":43,"column":50},"end":{"line":43,"column":72}},"type":"binary-expr","locations":[{"start":{"line":43,"column":50},"end":{"line":43,"column":61}},{"start":{"line":43,"column":65},"end":{"line":43,"column":72}}],"line":43},"7":{"loc":{"start":{"line":56,"column":17},"end":{"line":56,"column":32}},"type":"binary-expr","locations":[{"start":{"line":56,"column":17},"end":{"line":56,"column":25}},{"start":{"line":56,"column":29},"end":{"line":56,"column":32}}],"line":56},"8":{"loc":{"start":{"line":56,"column":50},"end":{"line":56,"column":72}},"type":"binary-expr","locations":[{"start":{"line":56,"column":50},"end":{"line":56,"column":61}},{"start":{"line":56,"column":65},"end":{"line":56,"column":72}}],"line":56}},"s":{"0":1,"1":1,"2":1,"3":1,"4":1,"5":1,"6":1,"7":0,"8":1,"9":1,"10":1,"11":1,"12":1,"13":1,"14":1,"15":0,"16":1,"17":1,"18":1,"19":1,"20":1,"21":1,"22":1,"23":0,"24":1,"25":1,"26":1,"27":1,"28":1,"29":1,"30":0},"f":{"0":1,"1":1,"2":1,"3":1,"4":1},"b":{"0":[1,0],"1":[0,0],"2":[0,0],"3":[0,0],"4":[0,0],"5":[0,0],"6":[0,0],"7":[0,0],"8":[0,0]},"_coverageSchema":"1a1c01bbd47fc00a2c39e90264f33305004495a9","hash":"60e5b7d57d584682dd95cb4487fc5fa2901e35b3"}
,"C:\\Users\\이진동\\Desktop\\sparta\\node deepening\\petsitter-backoffice\\src\\controllers\\users.controller.js": {"path":"C:\\Users\\이진동\\Desktop\\sparta\\node deepening\\petsitter-backoffice\\src\\controllers\\users.controller.js","statementMap":{"0":{"start":{"line":5,"column":4},"end":{"line":5,"column":37}},"1":{"start":{"line":9,"column":11},"end":{"line":36,"column":3}},"2":{"start":{"line":10,"column":4},"end":{"line":35,"column":5}},"3":{"start":{"line":11,"column":57},"end":{"line":11,"column":65}},"4":{"start":{"line":13,"column":21},"end":{"line":18,"column":7}},"5":{"start":{"line":20,"column":6},"end":{"line":22,"column":7}},"6":{"start":{"line":21,"column":8},"end":{"line":21,"column":63}},"7":{"start":{"line":24,"column":6},"end":{"line":31,"column":9}},"8":{"start":{"line":33,"column":6},"end":{"line":33,"column":25}},"9":{"start":{"line":34,"column":6},"end":{"line":34,"column":16}},"10":{"start":{"line":39,"column":11},"end":{"line":69,"column":3}},"11":{"start":{"line":40,"column":4},"end":{"line":68,"column":5}},"12":{"start":{"line":41,"column":34},"end":{"line":41,"column":42}},"13":{"start":{"line":43,"column":44},"end":{"line":46,"column":7}},"14":{"start":{"line":49,"column":6},"end":{"line":52,"column":9}},"15":{"start":{"line":53,"column":6},"end":{"line":56,"column":9}},"16":{"start":{"line":58,"column":6},"end":{"line":64,"column":9}},"17":{"start":{"line":66,"column":6},"end":{"line":66,"column":25}},"18":{"start":{"line":67,"column":6},"end":{"line":67,"column":16}},"19":{"start":{"line":72,"column":12},"end":{"line":90,"column":3}},"20":{"start":{"line":73,"column":4},"end":{"line":89,"column":5}},"21":{"start":{"line":77,"column":6},"end":{"line":79,"column":7}},"22":{"start":{"line":78,"column":8},"end":{"line":78,"column":67}},"23":{"start":{"line":80,"column":6},"end":{"line":80,"column":68}},"24":{"start":{"line":81,"column":6},"end":{"line":81,"column":67}},"25":{"start":{"line":84,"column":21},"end":{"line":84,"column":54}},"26":{"start":{"line":86,"column":6},"end":{"line":86,"column":42}},"27":{"start":{"line":88,"column":6},"end":{"line":88,"column":16}},"28":{"start":{"line":93,"column":15},"end":{"line":117,"column":3}},"29":{"start":{"line":94,"column":4},"end":{"line":116,"column":5}},"30":{"start":{"line":96,"column":20},"end":{"line":96,"column":45}},"31":{"start":{"line":99,"column":6},"end":{"line":101,"column":7}},"32":{"start":{"line":100,"column":8},"end":{"line":100,"column":68}},"33":{"start":{"line":104,"column":21},"end":{"line":104,"column":50}},"34":{"start":{"line":107,"column":21},"end":{"line":107,"column":63}},"35":{"start":{"line":108,"column":6},"end":{"line":108,"column":68}},"36":{"start":{"line":109,"column":6},"end":{"line":109,"column":67}},"37":{"start":{"line":112,"column":6},"end":{"line":112,"column":23}},"38":{"start":{"line":115,"column":6},"end":{"line":115,"column":53}}},"fnMap":{"0":{"name":"(anonymous_0)","decl":{"start":{"line":4,"column":2},"end":{"line":4,"column":3}},"loc":{"start":{"line":4,"column":28},"end":{"line":6,"column":3}},"line":4},"1":{"name":"(anonymous_1)","decl":{"start":{"line":9,"column":11},"end":{"line":9,"column":12}},"loc":{"start":{"line":9,"column":37},"end":{"line":36,"column":3}},"line":9},"2":{"name":"(anonymous_2)","decl":{"start":{"line":39,"column":11},"end":{"line":39,"column":12}},"loc":{"start":{"line":39,"column":37},"end":{"line":69,"column":3}},"line":39},"3":{"name":"(anonymous_3)","decl":{"start":{"line":72,"column":12},"end":{"line":72,"column":13}},"loc":{"start":{"line":72,"column":38},"end":{"line":90,"column":3}},"line":72},"4":{"name":"(anonymous_4)","decl":{"start":{"line":93,"column":15},"end":{"line":93,"column":16}},"loc":{"start":{"line":93,"column":35},"end":{"line":117,"column":3}},"line":93}},"branchMap":{"0":{"loc":{"start":{"line":20,"column":6},"end":{"line":22,"column":7}},"type":"if","locations":[{"start":{"line":20,"column":6},"end":{"line":22,"column":7}},{"start":{},"end":{}}],"line":20},"1":{"loc":{"start":{"line":77,"column":6},"end":{"line":79,"column":7}},"type":"if","locations":[{"start":{"line":77,"column":6},"end":{"line":79,"column":7}},{"start":{},"end":{}}],"line":77},"2":{"loc":{"start":{"line":77,"column":10},"end":{"line":77,"column":65}},"type":"binary-expr","locations":[{"start":{"line":77,"column":10},"end":{"line":77,"column":36}},{"start":{"line":77,"column":40},"end":{"line":77,"column":65}}],"line":77},"3":{"loc":{"start":{"line":99,"column":6},"end":{"line":101,"column":7}},"type":"if","locations":[{"start":{"line":99,"column":6},"end":{"line":101,"column":7}},{"start":{},"end":{}}],"line":99}},"s":{"0":1,"1":1,"2":0,"3":0,"4":0,"5":0,"6":0,"7":0,"8":0,"9":0,"10":1,"11":0,"12":0,"13":0,"14":0,"15":0,"16":0,"17":0,"18":0,"19":1,"20":0,"21":0,"22":0,"23":0,"24":0,"25":0,"26":0,"27":0,"28":1,"29":3,"30":3,"31":0,"32":0,"33":0,"34":0,"35":0,"36":0,"37":0,"38":3},"f":{"0":1,"1":0,"2":0,"3":0,"4":3},"b":{"0":[0,0],"1":[0,0],"2":[0,0],"3":[0,0]},"_coverageSchema":"1a1c01bbd47fc00a2c39e90264f33305004495a9","hash":"86b61d9f2ce52ac820d8c265b2946d3f48f1035d"}
,"C:\\Users\\이진동\\Desktop\\sparta\\node deepening\\petsitter-backoffice\\src\\repositories\\petsitters.repository.js": {"path":"C:\\Users\\이진동\\Desktop\\sparta\\node deepening\\petsitter-backoffice\\src\\repositories\\petsitters.repository.js","statementMap":{"0":{"start":{"line":3,"column":4},"end":{"line":3,"column":25}},"1":{"start":{"line":6,"column":31},"end":{"line":110,"column":3}},"2":{"start":{"line":14,"column":18},"end":{"line":14,"column":35}},"3":{"start":{"line":17,"column":25},"end":{"line":40,"column":6}},"4":{"start":{"line":43,"column":26},"end":{"line":69,"column":6}},"5":{"start":{"line":72,"column":25},"end":{"line":104,"column":6}},"6":{"start":{"line":106,"column":20},"end":{"line":108,"column":5}},"7":{"start":{"line":109,"column":4},"end":{"line":109,"column":32}},"8":{"start":{"line":111,"column":19},"end":{"line":129,"column":3}},"9":{"start":{"line":112,"column":20},"end":{"line":126,"column":6}},"10":{"start":{"line":128,"column":4},"end":{"line":128,"column":19}},"11":{"start":{"line":130,"column":17},"end":{"line":141,"column":3}},"12":{"start":{"line":131,"column":4},"end":{"line":140,"column":5}},"13":{"start":{"line":133,"column":8},"end":{"line":133,"column":23}},"14":{"start":{"line":135,"column":8},"end":{"line":135,"column":23}},"15":{"start":{"line":137,"column":8},"end":{"line":137,"column":23}},"16":{"start":{"line":139,"column":8},"end":{"line":139,"column":18}},"17":{"start":{"line":143,"column":19},"end":{"line":149,"column":3}},"18":{"start":{"line":145,"column":4},"end":{"line":148,"column":8}},"19":{"start":{"line":145,"column":37},"end":{"line":148,"column":5}}},"fnMap":{"0":{"name":"(anonymous_0)","decl":{"start":{"line":2,"column":2},"end":{"line":2,"column":3}},"loc":{"start":{"line":2,"column":22},"end":{"line":4,"column":3}},"line":2},"1":{"name":"(anonymous_1)","decl":{"start":{"line":6,"column":31},"end":{"line":6,"column":32}},"loc":{"start":{"line":13,"column":7},"end":{"line":110,"column":3}},"line":13},"2":{"name":"(anonymous_2)","decl":{"start":{"line":111,"column":19},"end":{"line":111,"column":20}},"loc":{"start":{"line":111,"column":35},"end":{"line":129,"column":3}},"line":111},"3":{"name":"(anonymous_3)","decl":{"start":{"line":130,"column":17},"end":{"line":130,"column":18}},"loc":{"start":{"line":130,"column":38},"end":{"line":141,"column":3}},"line":130},"4":{"name":"(anonymous_4)","decl":{"start":{"line":143,"column":19},"end":{"line":143,"column":20}},"loc":{"start":{"line":143,"column":29},"end":{"line":149,"column":3}},"line":143},"5":{"name":"(anonymous_5)","decl":{"start":{"line":145,"column":20},"end":{"line":145,"column":21}},"loc":{"start":{"line":145,"column":37},"end":{"line":148,"column":5}},"line":145}},"branchMap":{"0":{"loc":{"start":{"line":131,"column":4},"end":{"line":140,"column":5}},"type":"switch","locations":[{"start":{"line":132,"column":6},"end":{"line":133,"column":23}},{"start":{"line":134,"column":6},"end":{"line":135,"column":23}},{"start":{"line":136,"column":6},"end":{"line":137,"column":23}},{"start":{"line":138,"column":6},"end":{"line":139,"column":18}}],"line":131}},"s":{"0":4,"1":4,"2":1,"3":1,"4":1,"5":1,"6":1,"7":1,"8":4,"9":1,"10":1,"11":4,"12":12,"13":2,"14":2,"15":2,"16":6,"17":4,"18":2,"19":9},"f":{"0":4,"1":1,"2":1,"3":12,"4":2,"5":9},"b":{"0":[2,2,2,6]},"_coverageSchema":"1a1c01bbd47fc00a2c39e90264f33305004495a9","hash":"ff623b9a8ed3fd965896b2c902343560390e956c"}
,"C:\\Users\\이진동\\Desktop\\sparta\\node deepening\\petsitter-backoffice\\src\\repositories\\reservation.repository.js": {"path":"C:\\Users\\이진동\\Desktop\\sparta\\node deepening\\petsitter-backoffice\\src\\repositories\\reservation.repository.js","statementMap":{"0":{"start":{"line":3,"column":4},"end":{"line":3,"column":25}},"1":{"start":{"line":6,"column":22},"end":{"line":23,"column":3}},"2":{"start":{"line":13,"column":26},"end":{"line":21,"column":6}},"3":{"start":{"line":22,"column":4},"end":{"line":22,"column":25}},"4":{"start":{"line":26,"column":14},"end":{"line":38,"column":3}},"5":{"start":{"line":27,"column":22},"end":{"line":35,"column":6}},"6":{"start":{"line":37,"column":4},"end":{"line":37,"column":30}},"7":{"start":{"line":40,"column":20},"end":{"line":46,"column":3}},"8":{"start":{"line":41,"column":29},"end":{"line":43,"column":6}},"9":{"start":{"line":45,"column":4},"end":{"line":45,"column":28}},"10":{"start":{"line":48,"column":15},"end":{"line":55,"column":3}},"11":{"start":{"line":50,"column":27},"end":{"line":52,"column":6}},"12":{"start":{"line":54,"column":4},"end":{"line":54,"column":26}},"13":{"start":{"line":57,"column":19},"end":{"line":73,"column":3}},"14":{"start":{"line":58,"column":20},"end":{"line":71,"column":6}},"15":{"start":{"line":72,"column":4},"end":{"line":72,"column":19}},"16":{"start":{"line":75,"column":20},"end":{"line":82,"column":3}},"17":{"start":{"line":76,"column":29},"end":{"line":79,"column":6}},"18":{"start":{"line":81,"column":4},"end":{"line":81,"column":28}},"19":{"start":{"line":84,"column":15},"end":{"line":93,"column":3}},"20":{"start":{"line":85,"column":23},"end":{"line":90,"column":6}},"21":{"start":{"line":92,"column":4},"end":{"line":92,"column":22}},"22":{"start":{"line":95,"column":18},"end":{"line":122,"column":3}},"23":{"start":{"line":103,"column":20},"end":{"line":115,"column":6}},"24":{"start":{"line":117,"column":4},"end":{"line":119,"column":5}},"25":{"start":{"line":118,"column":6},"end":{"line":118,"column":18}},"26":{"start":{"line":121,"column":4},"end":{"line":121,"column":19}},"27":{"start":{"line":124,"column":18},"end":{"line":128,"column":3}},"28":{"start":{"line":125,"column":4},"end":{"line":127,"column":7}}},"fnMap":{"0":{"name":"(anonymous_0)","decl":{"start":{"line":2,"column":2},"end":{"line":2,"column":3}},"loc":{"start":{"line":2,"column":22},"end":{"line":4,"column":3}},"line":2},"1":{"name":"(anonymous_1)","decl":{"start":{"line":6,"column":22},"end":{"line":6,"column":23}},"loc":{"start":{"line":12,"column":7},"end":{"line":23,"column":3}},"line":12},"2":{"name":"(anonymous_2)","decl":{"start":{"line":26,"column":14},"end":{"line":26,"column":15}},"loc":{"start":{"line":26,"column":55},"end":{"line":38,"column":3}},"line":26},"3":{"name":"(anonymous_3)","decl":{"start":{"line":40,"column":20},"end":{"line":40,"column":21}},"loc":{"start":{"line":40,"column":38},"end":{"line":46,"column":3}},"line":40},"4":{"name":"(anonymous_4)","decl":{"start":{"line":48,"column":15},"end":{"line":48,"column":16}},"loc":{"start":{"line":48,"column":35},"end":{"line":55,"column":3}},"line":48},"5":{"name":"(anonymous_5)","decl":{"start":{"line":57,"column":19},"end":{"line":57,"column":20}},"loc":{"start":{"line":57,"column":37},"end":{"line":73,"column":3}},"line":57},"6":{"name":"(anonymous_6)","decl":{"start":{"line":75,"column":20},"end":{"line":75,"column":21}},"loc":{"start":{"line":75,"column":38},"end":{"line":82,"column":3}},"line":75},"7":{"name":"(anonymous_7)","decl":{"start":{"line":84,"column":15},"end":{"line":84,"column":16}},"loc":{"start":{"line":84,"column":33},"end":{"line":93,"column":3}},"line":84},"8":{"name":"(anonymous_8)","decl":{"start":{"line":95,"column":18},"end":{"line":95,"column":19}},"loc":{"start":{"line":102,"column":7},"end":{"line":122,"column":3}},"line":102},"9":{"name":"(anonymous_9)","decl":{"start":{"line":124,"column":18},"end":{"line":124,"column":19}},"loc":{"start":{"line":124,"column":36},"end":{"line":128,"column":3}},"line":124}},"branchMap":{"0":{"loc":{"start":{"line":117,"column":4},"end":{"line":119,"column":5}},"type":"if","locations":[{"start":{"line":117,"column":4},"end":{"line":119,"column":5}},{"start":{},"end":{}}],"line":117}},"s":{"0":1,"1":1,"2":1,"3":1,"4":1,"5":1,"6":1,"7":1,"8":1,"9":1,"10":1,"11":1,"12":1,"13":1,"14":1,"15":1,"16":1,"17":1,"18":1,"19":1,"20":1,"21":1,"22":1,"23":1,"24":1,"25":0,"26":1,"27":1,"28":1},"f":{"0":1,"1":1,"2":1,"3":1,"4":1,"5":1,"6":1,"7":1,"8":1,"9":1},"b":{"0":[0,1]},"_coverageSchema":"1a1c01bbd47fc00a2c39e90264f33305004495a9","hash":"01f704a459074474b435e35d055d25c78a83a11d"}
,"C:\\Users\\이진동\\Desktop\\sparta\\node deepening\\petsitter-backoffice\\src\\repositories\\review.repository.js": {"path":"C:\\Users\\이진동\\Desktop\\sparta\\node deepening\\petsitter-backoffice\\src\\repositories\\review.repository.js","statementMap":{"0":{"start":{"line":4,"column":4},"end":{"line":4,"column":25}},"1":{"start":{"line":7,"column":17},"end":{"line":13,"column":3}},"2":{"start":{"line":9,"column":4},"end":{"line":12,"column":7}},"3":{"start":{"line":15,"column":17},"end":{"line":19,"column":3}},"4":{"start":{"line":16,"column":4},"end":{"line":18,"column":7}},"5":{"start":{"line":21,"column":15},"end":{"line":44,"column":3}},"6":{"start":{"line":22,"column":4},"end":{"line":43,"column":7}},"7":{"start":{"line":46,"column":15},"end":{"line":56,"column":3}},"8":{"start":{"line":47,"column":4},"end":{"line":55,"column":7}},"9":{"start":{"line":58,"column":16},"end":{"line":69,"column":3}},"10":{"start":{"line":59,"column":4},"end":{"line":68,"column":7}},"11":{"start":{"line":71,"column":17},"end":{"line":77,"column":3}},"12":{"start":{"line":72,"column":4},"end":{"line":76,"column":7}}},"fnMap":{"0":{"name":"(anonymous_0)","decl":{"start":{"line":3,"column":2},"end":{"line":3,"column":3}},"loc":{"start":{"line":3,"column":22},"end":{"line":5,"column":3}},"line":3},"1":{"name":"(anonymous_1)","decl":{"start":{"line":7,"column":17},"end":{"line":7,"column":18}},"loc":{"start":{"line":7,"column":37},"end":{"line":13,"column":3}},"line":7},"2":{"name":"(anonymous_2)","decl":{"start":{"line":15,"column":17},"end":{"line":15,"column":18}},"loc":{"start":{"line":15,"column":37},"end":{"line":19,"column":3}},"line":15},"3":{"name":"(anonymous_3)","decl":{"start":{"line":21,"column":15},"end":{"line":21,"column":16}},"loc":{"start":{"line":21,"column":47},"end":{"line":44,"column":3}},"line":21},"4":{"name":"(anonymous_4)","decl":{"start":{"line":46,"column":15},"end":{"line":46,"column":16}},"loc":{"start":{"line":46,"column":65},"end":{"line":56,"column":3}},"line":46},"5":{"name":"(anonymous_5)","decl":{"start":{"line":58,"column":16},"end":{"line":58,"column":17}},"loc":{"start":{"line":58,"column":58},"end":{"line":69,"column":3}},"line":58},"6":{"name":"(anonymous_6)","decl":{"start":{"line":71,"column":17},"end":{"line":71,"column":18}},"loc":{"start":{"line":71,"column":37},"end":{"line":77,"column":3}},"line":71}},"branchMap":{},"s":{"0":1,"1":1,"2":1,"3":1,"4":1,"5":1,"6":1,"7":1,"8":1,"9":1,"10":1,"11":1,"12":1},"f":{"0":1,"1":1,"2":1,"3":1,"4":1,"5":1,"6":1},"b":{},"_coverageSchema":"1a1c01bbd47fc00a2c39e90264f33305004495a9","hash":"9efa44951919e40556e1a765eeae847e1264b2e9"}
,"C:\\Users\\이진동\\Desktop\\sparta\\node deepening\\petsitter-backoffice\\src\\repositories\\users.repository.js": {"path":"C:\\Users\\이진동\\Desktop\\sparta\\node deepening\\petsitter-backoffice\\src\\repositories\\users.repository.js","statementMap":{"0":{"start":{"line":3,"column":4},"end":{"line":3,"column":25}},"1":{"start":{"line":6,"column":16},"end":{"line":8,"column":3}},"2":{"start":{"line":7,"column":4},"end":{"line":7,"column":67}},"3":{"start":{"line":10,"column":11},"end":{"line":20,"column":3}},"4":{"start":{"line":11,"column":20},"end":{"line":18,"column":6}},"5":{"start":{"line":19,"column":4},"end":{"line":19,"column":19}},"6":{"start":{"line":22,"column":17},"end":{"line":29,"column":3}},"7":{"start":{"line":23,"column":17},"end":{"line":27,"column":6}},"8":{"start":{"line":28,"column":4},"end":{"line":28,"column":16}},"9":{"start":{"line":31,"column":19},"end":{"line":38,"column":3}},"10":{"start":{"line":32,"column":23},"end":{"line":36,"column":6}},"11":{"start":{"line":37,"column":4},"end":{"line":37,"column":22}}},"fnMap":{"0":{"name":"(anonymous_0)","decl":{"start":{"line":2,"column":2},"end":{"line":2,"column":3}},"loc":{"start":{"line":2,"column":22},"end":{"line":4,"column":3}},"line":2},"1":{"name":"(anonymous_1)","decl":{"start":{"line":6,"column":16},"end":{"line":6,"column":17}},"loc":{"start":{"line":6,"column":33},"end":{"line":8,"column":3}},"line":6},"2":{"name":"(anonymous_2)","decl":{"start":{"line":10,"column":11},"end":{"line":10,"column":12}},"loc":{"start":{"line":10,"column":44},"end":{"line":20,"column":3}},"line":10},"3":{"name":"(anonymous_3)","decl":{"start":{"line":22,"column":17},"end":{"line":22,"column":18}},"loc":{"start":{"line":22,"column":35},"end":{"line":29,"column":3}},"line":22},"4":{"name":"(anonymous_4)","decl":{"start":{"line":31,"column":19},"end":{"line":31,"column":20}},"loc":{"start":{"line":31,"column":37},"end":{"line":38,"column":3}},"line":31}},"branchMap":{},"s":{"0":1,"1":1,"2":1,"3":1,"4":1,"5":1,"6":1,"7":1,"8":1,"9":1,"10":1,"11":1},"f":{"0":1,"1":1,"2":1,"3":1,"4":1},"b":{},"_coverageSchema":"1a1c01bbd47fc00a2c39e90264f33305004495a9","hash":"e3dbd15cff23c54b5e1f706c48f88ba3ece29e67"}
,"C:\\Users\\이진동\\Desktop\\sparta\\node deepening\\petsitter-backoffice\\src\\services\\petsitters.service.js": {"path":"C:\\Users\\이진동\\Desktop\\sparta\\node deepening\\petsitter-backoffice\\src\\services\\petsitters.service.js","statementMap":{"0":{"start":{"line":3,"column":4},"end":{"line":3,"column":53}},"1":{"start":{"line":6,"column":15},"end":{"line":61,"column":3}},"2":{"start":{"line":8,"column":6},"end":{"line":8,"column":13}},"3":{"start":{"line":9,"column":4},"end":{"line":60,"column":5}},"4":{"start":{"line":11,"column":45},"end":{"line":11,"column":73}},"5":{"start":{"line":15,"column":8},"end":{"line":22,"column":9}},"6":{"start":{"line":25,"column":31},"end":{"line":25,"column":33}},"7":{"start":{"line":27,"column":6},"end":{"line":48,"column":7}},"8":{"start":{"line":27,"column":19},"end":{"line":27,"column":20}},"9":{"start":{"line":28,"column":26},"end":{"line":28,"column":39}},"10":{"start":{"line":29,"column":29},"end":{"line":29,"column":67}},"11":{"start":{"line":30,"column":25},"end":{"line":35,"column":9}},"12":{"start":{"line":36,"column":32},"end":{"line":36,"column":62}},"13":{"start":{"line":38,"column":22},"end":{"line":38,"column":23}},"14":{"start":{"line":39,"column":8},"end":{"line":41,"column":9}},"15":{"start":{"line":40,"column":10},"end":{"line":40,"column":68}},"16":{"start":{"line":43,"column":8},"end":{"line":47,"column":11}},"17":{"start":{"line":49,"column":6},"end":{"line":55,"column":7}},"18":{"start":{"line":50,"column":8},"end":{"line":50,"column":32}},"19":{"start":{"line":51,"column":13},"end":{"line":55,"column":7}},"20":{"start":{"line":52,"column":8},"end":{"line":52,"column":72}},"21":{"start":{"line":52,"column":47},"end":{"line":52,"column":70}},"22":{"start":{"line":53,"column":13},"end":{"line":55,"column":7}},"23":{"start":{"line":54,"column":8},"end":{"line":54,"column":78}},"24":{"start":{"line":54,"column":47},"end":{"line":54,"column":76}},"25":{"start":{"line":57,"column":6},"end":{"line":57,"column":30}},"26":{"start":{"line":59,"column":6},"end":{"line":59,"column":29}},"27":{"start":{"line":63,"column":14},"end":{"line":79,"column":3}},"28":{"start":{"line":64,"column":22},"end":{"line":64,"column":40}},"29":{"start":{"line":65,"column":22},"end":{"line":65,"column":36}},"30":{"start":{"line":66,"column":19},"end":{"line":66,"column":50}},"31":{"start":{"line":67,"column":16},"end":{"line":67,"column":116}},"32":{"start":{"line":69,"column":21},"end":{"line":69,"column":37}},"33":{"start":{"line":70,"column":17},"end":{"line":70,"column":38}},"34":{"start":{"line":72,"column":24},"end":{"line":72,"column":28}},"35":{"start":{"line":73,"column":4},"end":{"line":75,"column":5}},"36":{"start":{"line":74,"column":6},"end":{"line":74,"column":40}},"37":{"start":{"line":77,"column":25},"end":{"line":77,"column":53}},"38":{"start":{"line":78,"column":4},"end":{"line":78,"column":24}},"39":{"start":{"line":81,"column":22},"end":{"line":95,"column":3}},"40":{"start":{"line":82,"column":14},"end":{"line":82,"column":18}},"41":{"start":{"line":83,"column":20},"end":{"line":83,"column":50}},"42":{"start":{"line":83,"column":29},"end":{"line":83,"column":50}},"43":{"start":{"line":84,"column":17},"end":{"line":84,"column":37}},"44":{"start":{"line":85,"column":17},"end":{"line":85,"column":37}},"45":{"start":{"line":87,"column":6},"end":{"line":91,"column":26}},"46":{"start":{"line":92,"column":14},"end":{"line":92,"column":60}},"47":{"start":{"line":93,"column":21},"end":{"line":93,"column":26}},"48":{"start":{"line":94,"column":4},"end":{"line":94,"column":20}},"49":{"start":{"line":97,"column":23},"end":{"line":109,"column":3}},"50":{"start":{"line":98,"column":20},"end":{"line":98,"column":21}},"51":{"start":{"line":100,"column":4},"end":{"line":106,"column":7}},"52":{"start":{"line":101,"column":6},"end":{"line":105,"column":54}},"53":{"start":{"line":101,"column":33},"end":{"line":101,"column":48}},"54":{"start":{"line":102,"column":11},"end":{"line":105,"column":54}},"55":{"start":{"line":102,"column":38},"end":{"line":102,"column":53}},"56":{"start":{"line":103,"column":11},"end":{"line":105,"column":54}},"57":{"start":{"line":103,"column":40},"end":{"line":103,"column":55}},"58":{"start":{"line":104,"column":11},"end":{"line":105,"column":54}},"59":{"start":{"line":104,"column":39},"end":{"line":104,"column":54}},"60":{"start":{"line":105,"column":11},"end":{"line":105,"column":54}},"61":{"start":{"line":105,"column":39},"end":{"line":105,"column":54}},"62":{"start":{"line":108,"column":4},"end":{"line":108,"column":38}},"63":{"start":{"line":111,"column":19},"end":{"line":128,"column":3}},"64":{"start":{"line":112,"column":24},"end":{"line":112,"column":76}},"65":{"start":{"line":113,"column":29},"end":{"line":113,"column":31}},"66":{"start":{"line":114,"column":4},"end":{"line":126,"column":5}},"67":{"start":{"line":114,"column":17},"end":{"line":114,"column":18}},"68":{"start":{"line":115,"column":24},"end":{"line":115,"column":38}},"69":{"start":{"line":116,"column":20},"end":{"line":116,"column":21}},"70":{"start":{"line":117,"column":6},"end":{"line":119,"column":7}},"71":{"start":{"line":118,"column":8},"end":{"line":118,"column":66}},"72":{"start":{"line":120,"column":6},"end":{"line":125,"column":9}},"73":{"start":{"line":127,"column":4},"end":{"line":127,"column":74}},"74":{"start":{"line":127,"column":43},"end":{"line":127,"column":72}}},"fnMap":{"0":{"name":"(anonymous_0)","decl":{"start":{"line":2,"column":2},"end":{"line":2,"column":3}},"loc":{"start":{"line":2,"column":36},"end":{"line":4,"column":3}},"line":2},"1":{"name":"(anonymous_1)","decl":{"start":{"line":6,"column":15},"end":{"line":6,"column":16}},"loc":{"start":{"line":6,"column":34},"end":{"line":61,"column":3}},"line":6},"2":{"name":"(anonymous_2)","decl":{"start":{"line":52,"column":37},"end":{"line":52,"column":38}},"loc":{"start":{"line":52,"column":47},"end":{"line":52,"column":70}},"line":52},"3":{"name":"(anonymous_3)","decl":{"start":{"line":54,"column":37},"end":{"line":54,"column":38}},"loc":{"start":{"line":54,"column":47},"end":{"line":54,"column":76}},"line":54},"4":{"name":"(anonymous_4)","decl":{"start":{"line":63,"column":14},"end":{"line":63,"column":15}},"loc":{"start":{"line":63,"column":33},"end":{"line":79,"column":3}},"line":63},"5":{"name":"(anonymous_5)","decl":{"start":{"line":81,"column":22},"end":{"line":81,"column":23}},"loc":{"start":{"line":81,"column":56},"end":{"line":95,"column":3}},"line":81},"6":{"name":"(anonymous_6)","decl":{"start":{"line":83,"column":20},"end":{"line":83,"column":21}},"loc":{"start":{"line":83,"column":29},"end":{"line":83,"column":50}},"line":83},"7":{"name":"(anonymous_7)","decl":{"start":{"line":97,"column":23},"end":{"line":97,"column":24}},"loc":{"start":{"line":97,"column":42},"end":{"line":109,"column":3}},"line":97},"8":{"name":"(anonymous_8)","decl":{"start":{"line":100,"column":20},"end":{"line":100,"column":21}},"loc":{"start":{"line":100,"column":32},"end":{"line":106,"column":5}},"line":100},"9":{"name":"(anonymous_9)","decl":{"start":{"line":111,"column":19},"end":{"line":111,"column":20}},"loc":{"start":{"line":111,"column":35},"end":{"line":128,"column":3}},"line":111},"10":{"name":"(anonymous_10)","decl":{"start":{"line":127,"column":33},"end":{"line":127,"column":34}},"loc":{"start":{"line":127,"column":43},"end":{"line":127,"column":72}},"line":127}},"branchMap":{"0":{"loc":{"start":{"line":39,"column":8},"end":{"line":41,"column":9}},"type":"if","locations":[{"start":{"line":39,"column":8},"end":{"line":41,"column":9}},{"start":{},"end":{}}],"line":39},"1":{"loc":{"start":{"line":49,"column":6},"end":{"line":55,"column":7}},"type":"if","locations":[{"start":{"line":49,"column":6},"end":{"line":55,"column":7}},{"start":{"line":51,"column":13},"end":{"line":55,"column":7}}],"line":49},"2":{"loc":{"start":{"line":51,"column":13},"end":{"line":55,"column":7}},"type":"if","locations":[{"start":{"line":51,"column":13},"end":{"line":55,"column":7}},{"start":{"line":53,"column":13},"end":{"line":55,"column":7}}],"line":51},"3":{"loc":{"start":{"line":53,"column":13},"end":{"line":55,"column":7}},"type":"if","locations":[{"start":{"line":53,"column":13},"end":{"line":55,"column":7}},{"start":{},"end":{}}],"line":53},"4":{"loc":{"start":{"line":73,"column":4},"end":{"line":75,"column":5}},"type":"if","locations":[{"start":{"line":73,"column":4},"end":{"line":75,"column":5}},{"start":{},"end":{}}],"line":73},"5":{"loc":{"start":{"line":101,"column":6},"end":{"line":105,"column":54}},"type":"if","locations":[{"start":{"line":101,"column":6},"end":{"line":105,"column":54}},{"start":{"line":102,"column":11},"end":{"line":105,"column":54}}],"line":101},"6":{"loc":{"start":{"line":102,"column":11},"end":{"line":105,"column":54}},"type":"if","locations":[{"start":{"line":102,"column":11},"end":{"line":105,"column":54}},{"start":{"line":103,"column":11},"end":{"line":105,"column":54}}],"line":102},"7":{"loc":{"start":{"line":103,"column":11},"end":{"line":105,"column":54}},"type":"if","locations":[{"start":{"line":103,"column":11},"end":{"line":105,"column":54}},{"start":{"line":104,"column":11},"end":{"line":105,"column":54}}],"line":103},"8":{"loc":{"start":{"line":104,"column":11},"end":{"line":105,"column":54}},"type":"if","locations":[{"start":{"line":104,"column":11},"end":{"line":105,"column":54}},{"start":{"line":105,"column":11},"end":{"line":105,"column":54}}],"line":104},"9":{"loc":{"start":{"line":105,"column":11},"end":{"line":105,"column":54}},"type":"if","locations":[{"start":{"line":105,"column":11},"end":{"line":105,"column":54}},{"start":{},"end":{}}],"line":105},"10":{"loc":{"start":{"line":117,"column":6},"end":{"line":119,"column":7}},"type":"if","locations":[{"start":{"line":117,"column":6},"end":{"line":119,"column":7}},{"start":{},"end":{}}],"line":117}},"s":{"0":4,"1":4,"2":3,"3":3,"4":3,"5":3,"6":3,"7":3,"8":3,"9":6,"10":6,"11":6,"12":6,"13":6,"14":6,"15":3,"16":6,"17":3,"18":1,"19":2,"20":1,"21":1,"22":1,"23":1,"24":1,"25":0,"26":0,"27":4,"28":0,"29":0,"30":0,"31":0,"32":0,"33":0,"34":0,"35":0,"36":0,"37":0,"38":0,"39":4,"40":1,"41":1,"42":4,"43":1,"44":1,"45":1,"46":1,"47":1,"48":1,"49":4,"50":2,"51":2,"52":6,"53":1,"54":5,"55":1,"56":4,"57":1,"58":3,"59":1,"60":2,"61":1,"62":2,"63":4,"64":1,"65":1,"66":1,"67":1,"68":2,"69":2,"70":2,"71":1,"72":2,"73":1,"74":1},"f":{"0":4,"1":3,"2":1,"3":1,"4":0,"5":1,"6":4,"7":2,"8":6,"9":1,"10":1},"b":{"0":[3,3],"1":[1,2],"2":[1,1],"3":[1,0],"4":[0,0],"5":[1,5],"6":[1,4],"7":[1,3],"8":[1,2],"9":[1,1],"10":[1,1]},"_coverageSchema":"1a1c01bbd47fc00a2c39e90264f33305004495a9","hash":"f41bf1e683f841334db9729cff332984047aa460"}
,"C:\\Users\\이진동\\Desktop\\sparta\\node deepening\\petsitter-backoffice\\src\\services\\reservation.service.js": {"path":"C:\\Users\\이진동\\Desktop\\sparta\\node deepening\\petsitter-backoffice\\src\\services\\reservation.service.js","statementMap":{"0":{"start":{"line":4,"column":6},"end":{"line":4,"column":49}},"1":{"start":{"line":8,"column":22},"end":{"line":35,"column":3}},"2":{"start":{"line":10,"column":28},"end":{"line":10,"column":77}},"3":{"start":{"line":12,"column":6},"end":{"line":14,"column":7}},"4":{"start":{"line":13,"column":10},"end":{"line":13,"column":28}},"5":{"start":{"line":16,"column":29},"end":{"line":16,"column":81}},"6":{"start":{"line":18,"column":6},"end":{"line":20,"column":7}},"7":{"start":{"line":19,"column":10},"end":{"line":19,"column":31}},"8":{"start":{"line":22,"column":24},"end":{"line":22,"column":93}},"9":{"start":{"line":24,"column":6},"end":{"line":26,"column":7}},"10":{"start":{"line":25,"column":10},"end":{"line":25,"column":32}},"11":{"start":{"line":28,"column":33},"end":{"line":30,"column":7}},"12":{"start":{"line":34,"column":6},"end":{"line":34,"column":32}},"13":{"start":{"line":37,"column":19},"end":{"line":45,"column":3}},"14":{"start":{"line":38,"column":29},"end":{"line":38,"column":80}},"15":{"start":{"line":40,"column":6},"end":{"line":42,"column":7}},"16":{"start":{"line":41,"column":10},"end":{"line":41,"column":22}},"17":{"start":{"line":44,"column":6},"end":{"line":44,"column":28}},"18":{"start":{"line":47,"column":18},"end":{"line":77,"column":3}},"19":{"start":{"line":49,"column":28},"end":{"line":49,"column":77}},"20":{"start":{"line":51,"column":6},"end":{"line":53,"column":7}},"21":{"start":{"line":52,"column":10},"end":{"line":52,"column":28}},"22":{"start":{"line":55,"column":24},"end":{"line":55,"column":93}},"23":{"start":{"line":57,"column":6},"end":{"line":59,"column":7}},"24":{"start":{"line":58,"column":10},"end":{"line":58,"column":32}},"25":{"start":{"line":61,"column":29},"end":{"line":61,"column":81}},"26":{"start":{"line":63,"column":6},"end":{"line":65,"column":7}},"27":{"start":{"line":64,"column":10},"end":{"line":64,"column":33}},"28":{"start":{"line":67,"column":25},"end":{"line":67,"column":72}},"29":{"start":{"line":69,"column":6},"end":{"line":71,"column":7}},"30":{"start":{"line":70,"column":10},"end":{"line":70,"column":44}},"31":{"start":{"line":73,"column":28},"end":{"line":73,"column":134}},"32":{"start":{"line":76,"column":6},"end":{"line":76,"column":27}},"33":{"start":{"line":79,"column":18},"end":{"line":95,"column":3}},"34":{"start":{"line":80,"column":29},"end":{"line":80,"column":81}},"35":{"start":{"line":82,"column":6},"end":{"line":84,"column":7}},"36":{"start":{"line":83,"column":10},"end":{"line":83,"column":32}},"37":{"start":{"line":86,"column":25},"end":{"line":86,"column":72}},"38":{"start":{"line":88,"column":6},"end":{"line":90,"column":7}},"39":{"start":{"line":89,"column":10},"end":{"line":89,"column":44}},"40":{"start":{"line":92,"column":28},"end":{"line":92,"column":93}},"41":{"start":{"line":94,"column":6},"end":{"line":94,"column":27}}},"fnMap":{"0":{"name":"(anonymous_0)","decl":{"start":{"line":3,"column":2},"end":{"line":3,"column":3}},"loc":{"start":{"line":3,"column":33},"end":{"line":5,"column":3}},"line":3},"1":{"name":"(anonymous_1)","decl":{"start":{"line":8,"column":22},"end":{"line":8,"column":23}},"loc":{"start":{"line":8,"column":81},"end":{"line":35,"column":3}},"line":8},"2":{"name":"(anonymous_2)","decl":{"start":{"line":37,"column":19},"end":{"line":37,"column":20}},"loc":{"start":{"line":37,"column":37},"end":{"line":45,"column":3}},"line":37},"3":{"name":"(anonymous_3)","decl":{"start":{"line":47,"column":18},"end":{"line":47,"column":19}},"loc":{"start":{"line":47,"column":77},"end":{"line":77,"column":3}},"line":47},"4":{"name":"(anonymous_4)","decl":{"start":{"line":79,"column":18},"end":{"line":79,"column":19}},"loc":{"start":{"line":79,"column":36},"end":{"line":95,"column":3}},"line":79}},"branchMap":{"0":{"loc":{"start":{"line":12,"column":6},"end":{"line":14,"column":7}},"type":"if","locations":[{"start":{"line":12,"column":6},"end":{"line":14,"column":7}},{"start":{},"end":{}}],"line":12},"1":{"loc":{"start":{"line":18,"column":6},"end":{"line":20,"column":7}},"type":"if","locations":[{"start":{"line":18,"column":6},"end":{"line":20,"column":7}},{"start":{},"end":{}}],"line":18},"2":{"loc":{"start":{"line":24,"column":6},"end":{"line":26,"column":7}},"type":"if","locations":[{"start":{"line":24,"column":6},"end":{"line":26,"column":7}},{"start":{},"end":{}}],"line":24},"3":{"loc":{"start":{"line":40,"column":6},"end":{"line":42,"column":7}},"type":"if","locations":[{"start":{"line":40,"column":6},"end":{"line":42,"column":7}},{"start":{},"end":{}}],"line":40},"4":{"loc":{"start":{"line":51,"column":6},"end":{"line":53,"column":7}},"type":"if","locations":[{"start":{"line":51,"column":6},"end":{"line":53,"column":7}},{"start":{},"end":{}}],"line":51},"5":{"loc":{"start":{"line":57,"column":6},"end":{"line":59,"column":7}},"type":"if","locations":[{"start":{"line":57,"column":6},"end":{"line":59,"column":7}},{"start":{},"end":{}}],"line":57},"6":{"loc":{"start":{"line":63,"column":6},"end":{"line":65,"column":7}},"type":"if","locations":[{"start":{"line":63,"column":6},"end":{"line":65,"column":7}},{"start":{},"end":{}}],"line":63},"7":{"loc":{"start":{"line":69,"column":6},"end":{"line":71,"column":7}},"type":"if","locations":[{"start":{"line":69,"column":6},"end":{"line":71,"column":7}},{"start":{},"end":{}}],"line":69},"8":{"loc":{"start":{"line":82,"column":6},"end":{"line":84,"column":7}},"type":"if","locations":[{"start":{"line":82,"column":6},"end":{"line":84,"column":7}},{"start":{},"end":{}}],"line":82},"9":{"loc":{"start":{"line":88,"column":6},"end":{"line":90,"column":7}},"type":"if","locations":[{"start":{"line":88,"column":6},"end":{"line":90,"column":7}},{"start":{},"end":{}}],"line":88}},"s":{"0":1,"1":1,"2":4,"3":4,"4":1,"5":3,"6":3,"7":1,"8":2,"9":2,"10":1,"11":1,"12":1,"13":1,"14":2,"15":2,"16":1,"17":1,"18":1,"19":6,"20":6,"21":1,"22":5,"23":5,"24":1,"25":4,"26":4,"27":2,"28":2,"29":2,"30":1,"31":1,"32":1,"33":1,"34":3,"35":3,"36":1,"37":2,"38":2,"39":1,"40":1,"41":1},"f":{"0":1,"1":4,"2":2,"3":6,"4":3},"b":{"0":[1,3],"1":[1,2],"2":[1,1],"3":[1,1],"4":[1,5],"5":[1,4],"6":[2,2],"7":[1,1],"8":[1,2],"9":[1,1]},"_coverageSchema":"1a1c01bbd47fc00a2c39e90264f33305004495a9","hash":"f0b21283786d35e41f367a615cbce9d8873f76f7"}
,"C:\\Users\\이진동\\Desktop\\sparta\\node deepening\\petsitter-backoffice\\src\\services\\review.service.js": {"path":"C:\\Users\\이진동\\Desktop\\sparta\\node deepening\\petsitter-backoffice\\src\\services\\review.service.js","statementMap":{"0":{"start":{"line":3,"column":4},"end":{"line":3,"column":45}},"1":{"start":{"line":6,"column":12},"end":{"line":20,"column":3}},"2":{"start":{"line":7,"column":22},"end":{"line":7,"column":82}},"3":{"start":{"line":8,"column":6},"end":{"line":19,"column":9}},"4":{"start":{"line":9,"column":8},"end":{"line":18,"column":9}},"5":{"start":{"line":22,"column":18},"end":{"line":34,"column":3}},"6":{"start":{"line":23,"column":4},"end":{"line":33,"column":5}},"7":{"start":{"line":24,"column":28},"end":{"line":24,"column":78}},"8":{"start":{"line":25,"column":6},"end":{"line":30,"column":7}},"9":{"start":{"line":26,"column":8},"end":{"line":29,"column":9}},"10":{"start":{"line":32,"column":6},"end":{"line":32,"column":16}},"11":{"start":{"line":36,"column":18},"end":{"line":49,"column":3}},"12":{"start":{"line":37,"column":4},"end":{"line":48,"column":5}},"13":{"start":{"line":38,"column":28},"end":{"line":38,"column":78}},"14":{"start":{"line":39,"column":6},"end":{"line":44,"column":7}},"15":{"start":{"line":40,"column":8},"end":{"line":43,"column":9}},"16":{"start":{"line":45,"column":6},"end":{"line":45,"column":27}},"17":{"start":{"line":47,"column":6},"end":{"line":47,"column":16}},"18":{"start":{"line":54,"column":15},"end":{"line":78,"column":3}},"19":{"start":{"line":55,"column":4},"end":{"line":77,"column":5}},"20":{"start":{"line":56,"column":6},"end":{"line":61,"column":7}},"21":{"start":{"line":57,"column":8},"end":{"line":60,"column":9}},"22":{"start":{"line":62,"column":6},"end":{"line":64,"column":7}},"23":{"start":{"line":63,"column":8},"end":{"line":63,"column":28}},"24":{"start":{"line":65,"column":6},"end":{"line":65,"column":44}},"25":{"start":{"line":66,"column":6},"end":{"line":71,"column":7}},"26":{"start":{"line":67,"column":8},"end":{"line":70,"column":9}},"27":{"start":{"line":72,"column":6},"end":{"line":72,"column":41}},"28":{"start":{"line":73,"column":23},"end":{"line":73,"column":31}},"29":{"start":{"line":74,"column":6},"end":{"line":74,"column":54}},"30":{"start":{"line":76,"column":6},"end":{"line":76,"column":16}},"31":{"start":{"line":81,"column":15},"end":{"line":113,"column":3}},"32":{"start":{"line":82,"column":4},"end":{"line":112,"column":5}},"33":{"start":{"line":83,"column":6},"end":{"line":88,"column":7}},"34":{"start":{"line":84,"column":8},"end":{"line":87,"column":9}},"35":{"start":{"line":89,"column":6},"end":{"line":94,"column":7}},"36":{"start":{"line":90,"column":8},"end":{"line":93,"column":9}},"37":{"start":{"line":95,"column":6},"end":{"line":95,"column":32}},"38":{"start":{"line":96,"column":6},"end":{"line":101,"column":7}},"39":{"start":{"line":97,"column":8},"end":{"line":100,"column":9}},"40":{"start":{"line":102,"column":6},"end":{"line":102,"column":41}},"41":{"start":{"line":103,"column":21},"end":{"line":103,"column":25}},"42":{"start":{"line":104,"column":6},"end":{"line":104,"column":85}},"43":{"start":{"line":106,"column":23},"end":{"line":106,"column":31}},"44":{"start":{"line":107,"column":25},"end":{"line":107,"column":31}},"45":{"start":{"line":108,"column":6},"end":{"line":108,"column":54}},"46":{"start":{"line":111,"column":6},"end":{"line":111,"column":15}},"47":{"start":{"line":116,"column":16},"end":{"line":154,"column":3}},"48":{"start":{"line":117,"column":4},"end":{"line":153,"column":5}},"49":{"start":{"line":118,"column":6},"end":{"line":123,"column":7}},"50":{"start":{"line":119,"column":8},"end":{"line":122,"column":9}},"51":{"start":{"line":124,"column":6},"end":{"line":129,"column":7}},"52":{"start":{"line":125,"column":8},"end":{"line":128,"column":9}},"53":{"start":{"line":130,"column":6},"end":{"line":130,"column":32}},"54":{"start":{"line":131,"column":6},"end":{"line":136,"column":7}},"55":{"start":{"line":132,"column":8},"end":{"line":135,"column":9}},"56":{"start":{"line":137,"column":28},"end":{"line":137,"column":62}},"57":{"start":{"line":138,"column":6},"end":{"line":143,"column":7}},"58":{"start":{"line":139,"column":8},"end":{"line":142,"column":9}},"59":{"start":{"line":145,"column":6},"end":{"line":145,"column":78}},"60":{"start":{"line":147,"column":23},"end":{"line":147,"column":45}},"61":{"start":{"line":148,"column":25},"end":{"line":148,"column":31}},"62":{"start":{"line":149,"column":6},"end":{"line":149,"column":54}},"63":{"start":{"line":152,"column":6},"end":{"line":152,"column":15}},"64":{"start":{"line":156,"column":17},"end":{"line":180,"column":3}},"65":{"start":{"line":157,"column":4},"end":{"line":179,"column":5}},"66":{"start":{"line":158,"column":6},"end":{"line":163,"column":7}},"67":{"start":{"line":159,"column":8},"end":{"line":162,"column":9}},"68":{"start":{"line":164,"column":28},"end":{"line":164,"column":62}},"69":{"start":{"line":165,"column":6},"end":{"line":170,"column":7}},"70":{"start":{"line":166,"column":8},"end":{"line":169,"column":9}},"71":{"start":{"line":172,"column":6},"end":{"line":172,"column":57}},"72":{"start":{"line":173,"column":23},"end":{"line":173,"column":45}},"73":{"start":{"line":174,"column":25},"end":{"line":174,"column":31}},"74":{"start":{"line":175,"column":6},"end":{"line":175,"column":54}},"75":{"start":{"line":178,"column":6},"end":{"line":178,"column":15}}},"fnMap":{"0":{"name":"(anonymous_0)","decl":{"start":{"line":2,"column":2},"end":{"line":2,"column":3}},"loc":{"start":{"line":2,"column":32},"end":{"line":4,"column":3}},"line":2},"1":{"name":"(anonymous_1)","decl":{"start":{"line":6,"column":12},"end":{"line":6,"column":13}},"loc":{"start":{"line":6,"column":44},"end":{"line":20,"column":3}},"line":6},"2":{"name":"(anonymous_2)","decl":{"start":{"line":8,"column":25},"end":{"line":8,"column":26}},"loc":{"start":{"line":8,"column":36},"end":{"line":19,"column":7}},"line":8},"3":{"name":"(anonymous_3)","decl":{"start":{"line":22,"column":18},"end":{"line":22,"column":19}},"loc":{"start":{"line":22,"column":38},"end":{"line":34,"column":3}},"line":22},"4":{"name":"(anonymous_4)","decl":{"start":{"line":36,"column":18},"end":{"line":36,"column":19}},"loc":{"start":{"line":36,"column":38},"end":{"line":49,"column":3}},"line":36},"5":{"name":"(anonymous_5)","decl":{"start":{"line":54,"column":15},"end":{"line":54,"column":16}},"loc":{"start":{"line":54,"column":47},"end":{"line":78,"column":3}},"line":54},"6":{"name":"(anonymous_6)","decl":{"start":{"line":81,"column":15},"end":{"line":81,"column":16}},"loc":{"start":{"line":81,"column":63},"end":{"line":113,"column":3}},"line":81},"7":{"name":"(anonymous_7)","decl":{"start":{"line":116,"column":16},"end":{"line":116,"column":17}},"loc":{"start":{"line":116,"column":64},"end":{"line":154,"column":3}},"line":116},"8":{"name":"(anonymous_8)","decl":{"start":{"line":156,"column":17},"end":{"line":156,"column":18}},"loc":{"start":{"line":156,"column":43},"end":{"line":180,"column":3}},"line":156}},"branchMap":{"0":{"loc":{"start":{"line":25,"column":6},"end":{"line":30,"column":7}},"type":"if","locations":[{"start":{"line":25,"column":6},"end":{"line":30,"column":7}},{"start":{},"end":{}}],"line":25},"1":{"loc":{"start":{"line":39,"column":6},"end":{"line":44,"column":7}},"type":"if","locations":[{"start":{"line":39,"column":6},"end":{"line":44,"column":7}},{"start":{},"end":{}}],"line":39},"2":{"loc":{"start":{"line":56,"column":6},"end":{"line":61,"column":7}},"type":"if","locations":[{"start":{"line":56,"column":6},"end":{"line":61,"column":7}},{"start":{},"end":{}}],"line":56},"3":{"loc":{"start":{"line":62,"column":6},"end":{"line":64,"column":7}},"type":"if","locations":[{"start":{"line":62,"column":6},"end":{"line":64,"column":7}},{"start":{},"end":{}}],"line":62},"4":{"loc":{"start":{"line":66,"column":6},"end":{"line":71,"column":7}},"type":"if","locations":[{"start":{"line":66,"column":6},"end":{"line":71,"column":7}},{"start":{},"end":{}}],"line":66},"5":{"loc":{"start":{"line":83,"column":6},"end":{"line":88,"column":7}},"type":"if","locations":[{"start":{"line":83,"column":6},"end":{"line":88,"column":7}},{"start":{},"end":{}}],"line":83},"6":{"loc":{"start":{"line":89,"column":6},"end":{"line":94,"column":7}},"type":"if","locations":[{"start":{"line":89,"column":6},"end":{"line":94,"column":7}},{"start":{},"end":{}}],"line":89},"7":{"loc":{"start":{"line":89,"column":10},"end":{"line":89,"column":33}},"type":"binary-expr","locations":[{"start":{"line":89,"column":10},"end":{"line":89,"column":16}},{"start":{"line":89,"column":18},"end":{"line":89,"column":26}},{"start":{"line":89,"column":28},"end":{"line":89,"column":33}}],"line":89},"8":{"loc":{"start":{"line":96,"column":6},"end":{"line":101,"column":7}},"type":"if","locations":[{"start":{"line":96,"column":6},"end":{"line":101,"column":7}},{"start":{},"end":{}}],"line":96},"9":{"loc":{"start":{"line":118,"column":6},"end":{"line":123,"column":7}},"type":"if","locations":[{"start":{"line":118,"column":6},"end":{"line":123,"column":7}},{"start":{},"end":{}}],"line":118},"10":{"loc":{"start":{"line":124,"column":6},"end":{"line":129,"column":7}},"type":"if","locations":[{"start":{"line":124,"column":6},"end":{"line":129,"column":7}},{"start":{},"end":{}}],"line":124},"11":{"loc":{"start":{"line":124,"column":10},"end":{"line":124,"column":33}},"type":"binary-expr","locations":[{"start":{"line":124,"column":10},"end":{"line":124,"column":16}},{"start":{"line":124,"column":18},"end":{"line":124,"column":26}},{"start":{"line":124,"column":28},"end":{"line":124,"column":33}}],"line":124},"12":{"loc":{"start":{"line":131,"column":6},"end":{"line":136,"column":7}},"type":"if","locations":[{"start":{"line":131,"column":6},"end":{"line":136,"column":7}},{"start":{},"end":{}}],"line":131},"13":{"loc":{"start":{"line":138,"column":6},"end":{"line":143,"column":7}},"type":"if","locations":[{"start":{"line":138,"column":6},"end":{"line":143,"column":7}},{"start":{},"end":{}}],"line":138},"14":{"loc":{"start":{"line":158,"column":6},"end":{"line":163,"column":7}},"type":"if","locations":[{"start":{"line":158,"column":6},"end":{"line":163,"column":7}},{"start":{},"end":{}}],"line":158},"15":{"loc":{"start":{"line":165,"column":6},"end":{"line":170,"column":7}},"type":"if","locations":[{"start":{"line":165,"column":6},"end":{"line":170,"column":7}},{"start":{},"end":{}}],"line":165}},"s":{"0":1,"1":1,"2":6,"3":6,"4":14,"5":1,"6":5,"7":5,"8":5,"9":2,"10":2,"11":1,"12":6,"13":6,"14":6,"15":1,"16":5,"17":1,"18":1,"19":5,"20":5,"21":1,"22":4,"23":1,"24":4,"25":4,"26":1,"27":3,"28":2,"29":2,"30":3,"31":1,"32":5,"33":5,"34":1,"35":4,"36":1,"37":3,"38":3,"39":1,"40":2,"41":1,"42":1,"43":1,"44":1,"45":1,"46":4,"47":1,"48":6,"49":6,"50":1,"51":5,"52":1,"53":4,"54":4,"55":1,"56":3,"57":2,"58":1,"59":1,"60":1,"61":1,"62":1,"63":5,"64":1,"65":4,"66":4,"67":1,"68":3,"69":3,"70":1,"71":2,"72":2,"73":2,"74":2,"75":2},"f":{"0":1,"1":6,"2":14,"3":5,"4":6,"5":5,"6":5,"7":6,"8":4},"b":{"0":[2,3],"1":[1,5],"2":[1,4],"3":[1,3],"4":[1,3],"5":[1,4],"6":[1,3],"7":[4,3,3],"8":[1,2],"9":[1,5],"10":[1,4],"11":[5,4,4],"12":[1,3],"13":[1,1],"14":[1,3],"15":[1,2]},"_coverageSchema":"1a1c01bbd47fc00a2c39e90264f33305004495a9","hash":"d539cb052da0c97280f7279c965806fd1969fbee"}
,"C:\\Users\\이진동\\Desktop\\sparta\\node deepening\\petsitter-backoffice\\src\\services\\users.service.js": {"path":"C:\\Users\\이진동\\Desktop\\sparta\\node deepening\\petsitter-backoffice\\src\\services\\users.service.js","statementMap":{"0":{"start":{"line":6,"column":4},"end":{"line":6,"column":43}},"1":{"start":{"line":8,"column":4},"end":{"line":8,"column":29}},"2":{"start":{"line":12,"column":11},"end":{"line":66,"column":3}},"3":{"start":{"line":14,"column":4},"end":{"line":65,"column":5}},"4":{"start":{"line":15,"column":6},"end":{"line":17,"column":7}},"5":{"start":{"line":16,"column":8},"end":{"line":16,"column":45}},"6":{"start":{"line":20,"column":25},"end":{"line":20,"column":53}},"7":{"start":{"line":21,"column":6},"end":{"line":23,"column":7}},"8":{"start":{"line":22,"column":8},"end":{"line":22,"column":52}},"9":{"start":{"line":25,"column":24},"end":{"line":25,"column":69}},"10":{"start":{"line":26,"column":6},"end":{"line":28,"column":7}},"11":{"start":{"line":27,"column":8},"end":{"line":27,"column":46}},"12":{"start":{"line":30,"column":6},"end":{"line":32,"column":7}},"13":{"start":{"line":31,"column":8},"end":{"line":31,"column":48}},"14":{"start":{"line":33,"column":6},"end":{"line":35,"column":7}},"15":{"start":{"line":34,"column":8},"end":{"line":34,"column":44}},"16":{"start":{"line":36,"column":6},"end":{"line":38,"column":7}},"17":{"start":{"line":37,"column":8},"end":{"line":37,"column":55}},"18":{"start":{"line":41,"column":6},"end":{"line":43,"column":7}},"19":{"start":{"line":42,"column":8},"end":{"line":42,"column":44}},"20":{"start":{"line":46,"column":29},"end":{"line":46,"column":60}},"21":{"start":{"line":47,"column":22},"end":{"line":51,"column":7}},"22":{"start":{"line":55,"column":19},"end":{"line":60,"column":7}},"23":{"start":{"line":62,"column":6},"end":{"line":62,"column":49}},"24":{"start":{"line":64,"column":6},"end":{"line":64,"column":18}},"25":{"start":{"line":69,"column":11},"end":{"line":101,"column":3}},"26":{"start":{"line":70,"column":4},"end":{"line":72,"column":5}},"27":{"start":{"line":71,"column":6},"end":{"line":71,"column":44}},"28":{"start":{"line":75,"column":17},"end":{"line":75,"column":62}},"29":{"start":{"line":78,"column":4},"end":{"line":80,"column":5}},"30":{"start":{"line":79,"column":6},"end":{"line":79,"column":41}},"31":{"start":{"line":83,"column":26},"end":{"line":83,"column":71}},"32":{"start":{"line":84,"column":4},"end":{"line":86,"column":5}},"33":{"start":{"line":85,"column":6},"end":{"line":85,"column":38}},"34":{"start":{"line":89,"column":32},"end":{"line":89,"column":63}},"35":{"start":{"line":90,"column":33},"end":{"line":90,"column":65}},"36":{"start":{"line":91,"column":24},"end":{"line":93,"column":6}},"37":{"start":{"line":94,"column":25},"end":{"line":98,"column":5}},"38":{"start":{"line":100,"column":4},"end":{"line":100,"column":41}},"39":{"start":{"line":104,"column":12},"end":{"line":106,"column":3}},"40":{"start":{"line":105,"column":4},"end":{"line":105,"column":38}},"41":{"start":{"line":109,"column":15},"end":{"line":130,"column":3}},"42":{"start":{"line":110,"column":4},"end":{"line":129,"column":5}},"43":{"start":{"line":112,"column":19},"end":{"line":112,"column":66}},"44":{"start":{"line":114,"column":6},"end":{"line":116,"column":7}},"45":{"start":{"line":115,"column":8},"end":{"line":115,"column":43}},"46":{"start":{"line":119,"column":29},"end":{"line":119,"column":78}},"47":{"start":{"line":121,"column":6},"end":{"line":123,"column":7}},"48":{"start":{"line":122,"column":8},"end":{"line":122,"column":42}},"49":{"start":{"line":125,"column":6},"end":{"line":125,"column":62}},"50":{"start":{"line":128,"column":6},"end":{"line":128,"column":56}}},"fnMap":{"0":{"name":"(anonymous_0)","decl":{"start":{"line":5,"column":2},"end":{"line":5,"column":3}},"loc":{"start":{"line":5,"column":49},"end":{"line":9,"column":3}},"line":5},"1":{"name":"(anonymous_1)","decl":{"start":{"line":12,"column":11},"end":{"line":12,"column":12}},"loc":{"start":{"line":12,"column":61},"end":{"line":66,"column":3}},"line":12},"2":{"name":"(anonymous_2)","decl":{"start":{"line":69,"column":11},"end":{"line":69,"column":12}},"loc":{"start":{"line":69,"column":38},"end":{"line":101,"column":3}},"line":69},"3":{"name":"(anonymous_3)","decl":{"start":{"line":104,"column":12},"end":{"line":104,"column":13}},"loc":{"start":{"line":104,"column":24},"end":{"line":106,"column":3}},"line":104},"4":{"name":"(anonymous_4)","decl":{"start":{"line":109,"column":15},"end":{"line":109,"column":16}},"loc":{"start":{"line":109,"column":33},"end":{"line":130,"column":3}},"line":109}},"branchMap":{"0":{"loc":{"start":{"line":15,"column":6},"end":{"line":17,"column":7}},"type":"if","locations":[{"start":{"line":15,"column":6},"end":{"line":17,"column":7}},{"start":{},"end":{}}],"line":15},"1":{"loc":{"start":{"line":21,"column":6},"end":{"line":23,"column":7}},"type":"if","locations":[{"start":{"line":21,"column":6},"end":{"line":23,"column":7}},{"start":{},"end":{}}],"line":21},"2":{"loc":{"start":{"line":26,"column":6},"end":{"line":28,"column":7}},"type":"if","locations":[{"start":{"line":26,"column":6},"end":{"line":28,"column":7}},{"start":{},"end":{}}],"line":26},"3":{"loc":{"start":{"line":30,"column":6},"end":{"line":32,"column":7}},"type":"if","locations":[{"start":{"line":30,"column":6},"end":{"line":32,"column":7}},{"start":{},"end":{}}],"line":30},"4":{"loc":{"start":{"line":33,"column":6},"end":{"line":35,"column":7}},"type":"if","locations":[{"start":{"line":33,"column":6},"end":{"line":35,"column":7}},{"start":{},"end":{}}],"line":33},"5":{"loc":{"start":{"line":36,"column":6},"end":{"line":38,"column":7}},"type":"if","locations":[{"start":{"line":36,"column":6},"end":{"line":38,"column":7}},{"start":{},"end":{}}],"line":36},"6":{"loc":{"start":{"line":41,"column":6},"end":{"line":43,"column":7}},"type":"if","locations":[{"start":{"line":41,"column":6},"end":{"line":43,"column":7}},{"start":{},"end":{}}],"line":41},"7":{"loc":{"start":{"line":70,"column":4},"end":{"line":72,"column":5}},"type":"if","locations":[{"start":{"line":70,"column":4},"end":{"line":72,"column":5}},{"start":{},"end":{}}],"line":70},"8":{"loc":{"start":{"line":70,"column":8},"end":{"line":70,"column":27}},"type":"binary-expr","locations":[{"start":{"line":70,"column":8},"end":{"line":70,"column":14}},{"start":{"line":70,"column":18},"end":{"line":70,"column":27}}],"line":70},"9":{"loc":{"start":{"line":78,"column":4},"end":{"line":80,"column":5}},"type":"if","locations":[{"start":{"line":78,"column":4},"end":{"line":80,"column":5}},{"start":{},"end":{}}],"line":78},"10":{"loc":{"start":{"line":84,"column":4},"end":{"line":86,"column":5}},"type":"if","locations":[{"start":{"line":84,"column":4},"end":{"line":86,"column":5}},{"start":{},"end":{}}],"line":84},"11":{"loc":{"start":{"line":114,"column":6},"end":{"line":116,"column":7}},"type":"if","locations":[{"start":{"line":114,"column":6},"end":{"line":116,"column":7}},{"start":{},"end":{}}],"line":114},"12":{"loc":{"start":{"line":121,"column":6},"end":{"line":123,"column":7}},"type":"if","locations":[{"start":{"line":121,"column":6},"end":{"line":123,"column":7}},{"start":{},"end":{}}],"line":121}},"s":{"0":1,"1":1,"2":1,"3":12,"4":12,"5":1,"6":11,"7":11,"8":5,"9":6,"10":6,"11":1,"12":5,"13":1,"14":4,"15":1,"16":3,"17":1,"18":2,"19":1,"20":1,"21":1,"22":1,"23":1,"24":6,"25":1,"26":5,"27":2,"28":3,"29":3,"30":1,"31":2,"32":0,"33":0,"34":0,"35":0,"36":0,"37":0,"38":0,"39":1,"40":1,"41":1,"42":3,"43":3,"44":0,"45":0,"46":0,"47":0,"48":0,"49":0,"50":3},"f":{"0":1,"1":12,"2":5,"3":1,"4":3},"b":{"0":[1,11],"1":[5,6],"2":[1,5],"3":[1,4],"4":[1,3],"5":[1,2],"6":[1,1],"7":[2,3],"8":[5,4],"9":[1,2],"10":[0,0],"11":[0,0],"12":[0,0]},"_coverageSchema":"1a1c01bbd47fc00a2c39e90264f33305004495a9","hash":"4d0b3ddfa051148f1de56190e60f9ff7d9142bce"}
,"C:\\Users\\이진동\\Desktop\\sparta\\node deepening\\petsitter-backoffice\\src\\utils\\tokenUtils.js": {"path":"C:\\Users\\이진동\\Desktop\\sparta\\node deepening\\petsitter-backoffice\\src\\utils\\tokenUtils.js","statementMap":{"0":{"start":{"line":5,"column":2},"end":{"line":22,"column":3}},"1":{"start":{"line":8,"column":4},"end":{"line":9,"column":49}},"2":{"start":{"line":9,"column":6},"end":{"line":9,"column":49}},"3":{"start":{"line":12,"column":31},"end":{"line":12,"column":55}},"4":{"start":{"line":13,"column":4},"end":{"line":14,"column":49}},"5":{"start":{"line":14,"column":6},"end":{"line":14,"column":49}},"6":{"start":{"line":16,"column":25},"end":{"line":16,"column":75}},"7":{"start":{"line":17,"column":19},"end":{"line":17,"column":38}},"8":{"start":{"line":19,"column":4},"end":{"line":19,"column":18}},"9":{"start":{"line":21,"column":4},"end":{"line":21,"column":38}}},"fnMap":{"0":{"name":"extractUserIdFromToken","decl":{"start":{"line":4,"column":16},"end":{"line":4,"column":38}},"loc":{"start":{"line":4,"column":54},"end":{"line":23,"column":1}},"line":4}},"branchMap":{"0":{"loc":{"start":{"line":8,"column":4},"end":{"line":9,"column":49}},"type":"if","locations":[{"start":{"line":8,"column":4},"end":{"line":9,"column":49}},{"start":{},"end":{}}],"line":8},"1":{"loc":{"start":{"line":13,"column":4},"end":{"line":14,"column":49}},"type":"if","locations":[{"start":{"line":13,"column":4},"end":{"line":14,"column":49}},{"start":{},"end":{}}],"line":13}},"s":{"0":0,"1":0,"2":0,"3":0,"4":0,"5":0,"6":0,"7":0,"8":0,"9":0},"f":{"0":0},"b":{"0":[0,0],"1":[0,0]},"_coverageSchema":"1a1c01bbd47fc00a2c39e90264f33305004495a9","hash":"dbda9c8b26644a1a7b9bf54eb672dc8d4476188f"}
,"C:\\Users\\이진동\\Desktop\\sparta\\node deepening\\petsitter-backoffice\\src\\utils\\prisma\\index.js": {"path":"C:\\Users\\이진동\\Desktop\\sparta\\node deepening\\petsitter-backoffice\\src\\utils\\prisma\\index.js","statementMap":{"0":{"start":{"line":3,"column":22},"end":{"line":7,"column":2}}},"fnMap":{},"branchMap":{},"s":{"0":1},"f":{},"b":{},"_coverageSchema":"1a1c01bbd47fc00a2c39e90264f33305004495a9","hash":"9caf3366097597df95a554f70493dc6ea8d1edc7"}
}
