TN:
SF:src\controllers\petsitters.controller.js
FN:2,(anonymous_0)
FN:5,(anonymous_1)
FN:33,(anonymous_2)
FNF:3
FNH:3
FNDA:1,(anonymous_0)
FNDA:2,(anonymous_1)
FNDA:1,(anonymous_2)
DA:3,1
DA:5,1
DA:6,2
DA:7,2
DA:8,2
DA:10,2
DA:11,2
DA:12,2
DA:13,2
DA:14,2
DA:15,2
DA:16,1
DA:18,1
DA:27,1
DA:28,1
DA:30,1
DA:33,1
DA:34,1
DA:35,1
DA:37,1
DA:38,1
LF:21
LH:21
BRDA:10,0,0,1
BRDA:10,0,1,1
BRDA:11,1,0,1
BRDA:11,1,1,1
BRDA:12,2,0,1
BRDA:12,2,1,1
BRDA:13,3,0,1
BRDA:13,3,1,1
BRDA:14,4,0,1
BRDA:14,4,1,1
BRDA:15,5,0,1
BRDA:15,5,1,1
BRDA:35,6,0,1
BRDA:35,6,1,0
BRF:14
BRH:13
end_of_record
TN:
SF:src\controllers\reservation.controller.js
FN:3,(anonymous_0)
FN:8,(anonymous_1)
FN:32,(anonymous_2)
FN:45,(anonymous_3)
FN:71,(anonymous_4)
FNF:5
FNH:5
FNDA:1,(anonymous_0)
FNDA:4,(anonymous_1)
FNDA:2,(anonymous_2)
FNDA:5,(anonymous_3)
FNDA:3,(anonymous_4)
DA:4,1
DA:8,1
DA:10,4
DA:11,4
DA:13,4
DA:15,4
DA:16,1
DA:19,3
DA:20,1
DA:23,2
DA:24,1
DA:27,1
DA:32,1
DA:33,2
DA:35,2
DA:37,2
DA:38,1
DA:41,1
DA:45,1
DA:46,5
DA:47,5
DA:49,5
DA:51,5
DA:52,1
DA:55,4
DA:56,1
DA:59,3
DA:60,1
DA:63,2
DA:64,1
DA:68,1
DA:71,1
DA:72,3
DA:74,3
DA:76,3
DA:77,1
DA:80,2
DA:81,1
DA:84,1
LF:39
LH:39
BRDA:15,0,0,1
BRDA:15,0,1,3
BRDA:19,1,0,1
BRDA:19,1,1,2
BRDA:23,2,0,1
BRDA:23,2,1,1
BRDA:37,3,0,1
BRDA:37,3,1,1
BRDA:51,4,0,1
BRDA:51,4,1,4
BRDA:55,5,0,1
BRDA:55,5,1,3
BRDA:59,6,0,1
BRDA:59,6,1,2
BRDA:63,7,0,1
BRDA:63,7,1,1
BRDA:76,8,0,1
BRDA:76,8,1,2
BRDA:80,9,0,1
BRDA:80,9,1,1
BRF:20
BRH:20
end_of_record
TN:
SF:src\controllers\review.controller.js
FN:2,(anonymous_0)
FN:6,(anonymous_1)
FN:19,(anonymous_2)
FN:33,(anonymous_3)
FN:47,(anonymous_4)
FNF:5
FNH:5
FNDA:1,(anonymous_0)
FNDA:1,(anonymous_1)
FNDA:1,(anonymous_2)
FNDA:1,(anonymous_3)
FNDA:1,(anonymous_4)
DA:3,1
DA:6,1
DA:7,1
DA:8,1
DA:9,1
DA:10,1
DA:12,1
DA:15,0
DA:19,1
DA:20,1
DA:21,1
DA:22,1
DA:23,1
DA:24,1
DA:26,1
DA:29,0
DA:33,1
DA:34,1
DA:35,1
DA:36,1
DA:37,1
DA:38,1
DA:40,1
DA:43,0
DA:47,1
DA:48,1
DA:49,1
DA:50,1
DA:51,1
DA:53,1
DA:56,0
LF:31
LH:27
BRDA:9,0,0,1
BRDA:9,0,1,0
BRDA:15,1,0,0
BRDA:15,1,1,0
BRDA:15,2,0,0
BRDA:15,2,1,0
BRDA:29,3,0,0
BRDA:29,3,1,0
BRDA:29,4,0,0
BRDA:29,4,1,0
BRDA:43,5,0,0
BRDA:43,5,1,0
BRDA:43,6,0,0
BRDA:43,6,1,0
BRDA:56,7,0,0
BRDA:56,7,1,0
BRDA:56,8,0,0
BRDA:56,8,1,0
BRF:18
BRH:1
end_of_record
TN:
SF:src\controllers\users.controller.js
FN:4,(anonymous_0)
FN:9,(anonymous_1)
FN:39,(anonymous_2)
FN:72,(anonymous_3)
FN:93,(anonymous_4)
FNF:5
FNH:2
FNDA:1,(anonymous_0)
FNDA:0,(anonymous_1)
FNDA:0,(anonymous_2)
FNDA:0,(anonymous_3)
FNDA:3,(anonymous_4)
DA:5,1
DA:9,1
DA:10,0
DA:11,0
DA:13,0
DA:20,0
DA:21,0
DA:24,0
DA:33,0
DA:34,0
DA:39,1
DA:40,0
DA:41,0
DA:43,0
DA:49,0
DA:53,0
DA:58,0
DA:66,0
DA:67,0
DA:72,1
DA:73,0
DA:77,0
DA:78,0
DA:80,0
DA:81,0
DA:84,0
DA:86,0
DA:88,0
DA:93,1
DA:94,3
DA:96,3
DA:99,0
DA:100,0
DA:104,0
DA:107,0
DA:108,0
DA:109,0
DA:112,0
DA:115,3
LF:39
LH:8
BRDA:20,0,0,0
BRDA:20,0,1,0
BRDA:77,1,0,0
BRDA:77,1,1,0
BRDA:77,2,0,0
BRDA:77,2,1,0
BRDA:99,3,0,0
BRDA:99,3,1,0
BRF:8
BRH:0
end_of_record
TN:
SF:src\repositories\petsitters.repository.js
FN:2,(anonymous_0)
FN:6,(anonymous_1)
FN:111,(anonymous_2)
FN:130,(anonymous_3)
FN:143,(anonymous_4)
FN:145,(anonymous_5)
FNF:6
FNH:6
FNDA:4,(anonymous_0)
FNDA:1,(anonymous_1)
FNDA:1,(anonymous_2)
FNDA:12,(anonymous_3)
FNDA:2,(anonymous_4)
FNDA:9,(anonymous_5)
DA:3,4
DA:6,4
DA:14,1
DA:17,1
DA:43,1
DA:72,1
DA:106,1
DA:109,1
DA:111,4
DA:112,1
DA:128,1
DA:130,4
DA:131,12
DA:133,2
DA:135,2
DA:137,2
DA:139,6
DA:143,4
DA:145,9
LF:19
LH:19
BRDA:131,0,0,2
BRDA:131,0,1,2
BRDA:131,0,2,2
BRDA:131,0,3,6
BRF:4
BRH:4
end_of_record
TN:
SF:src\repositories\reservation.repository.js
FN:2,(anonymous_0)
FN:6,(anonymous_1)
FN:26,(anonymous_2)
FN:40,(anonymous_3)
FN:48,(anonymous_4)
FN:57,(anonymous_5)
FN:75,(anonymous_6)
FN:84,(anonymous_7)
FN:95,(anonymous_8)
FN:124,(anonymous_9)
FNF:10
FNH:10
FNDA:1,(anonymous_0)
FNDA:1,(anonymous_1)
FNDA:1,(anonymous_2)
FNDA:1,(anonymous_3)
FNDA:1,(anonymous_4)
FNDA:1,(anonymous_5)
FNDA:1,(anonymous_6)
FNDA:1,(anonymous_7)
FNDA:1,(anonymous_8)
FNDA:1,(anonymous_9)
DA:3,1
DA:6,1
DA:13,1
DA:22,1
DA:26,1
DA:27,1
DA:37,1
DA:40,1
DA:41,1
DA:45,1
DA:48,1
DA:50,1
DA:54,1
DA:57,1
DA:58,1
DA:72,1
DA:75,1
DA:76,1
DA:81,1
DA:84,1
DA:85,1
DA:92,1
DA:95,1
DA:103,1
DA:117,1
DA:118,0
DA:121,1
DA:124,1
DA:125,1
LF:29
LH:28
BRDA:117,0,0,0
BRDA:117,0,1,1
BRF:2
BRH:1
end_of_record
TN:
SF:src\repositories\review.repository.js
FN:3,(anonymous_0)
FN:7,(anonymous_1)
FN:15,(anonymous_2)
FN:21,(anonymous_3)
FN:46,(anonymous_4)
FN:58,(anonymous_5)
FN:71,(anonymous_6)
FNF:7
FNH:7
FNDA:1,(anonymous_0)
FNDA:1,(anonymous_1)
FNDA:1,(anonymous_2)
FNDA:1,(anonymous_3)
FNDA:1,(anonymous_4)
FNDA:1,(anonymous_5)
FNDA:1,(anonymous_6)
DA:4,1
DA:7,1
DA:9,1
DA:15,1
DA:16,1
DA:21,1
DA:22,1
DA:46,1
DA:47,1
DA:58,1
DA:59,1
DA:71,1
DA:72,1
LF:13
LH:13
BRF:0
BRH:0
end_of_record
TN:
SF:src\repositories\users.repository.js
FN:2,(anonymous_0)
FN:6,(anonymous_1)
FN:10,(anonymous_2)
FN:22,(anonymous_3)
FN:31,(anonymous_4)
FNF:5
FNH:5
FNDA:1,(anonymous_0)
FNDA:1,(anonymous_1)
FNDA:1,(anonymous_2)
FNDA:1,(anonymous_3)
FNDA:1,(anonymous_4)
DA:3,1
DA:6,1
DA:7,1
DA:10,1
DA:11,1
DA:19,1
DA:22,1
DA:23,1
DA:28,1
DA:31,1
DA:32,1
DA:37,1
LF:12
LH:12
BRF:0
BRH:0
end_of_record
TN:
SF:src\services\petsitters.service.js
FN:2,(anonymous_0)
FN:6,(anonymous_1)
FN:52,(anonymous_2)
FN:54,(anonymous_3)
FN:63,(anonymous_4)
FN:81,(anonymous_5)
FN:83,(anonymous_6)
FN:97,(anonymous_7)
FN:100,(anonymous_8)
FN:111,(anonymous_9)
FN:127,(anonymous_10)
FNF:11
FNH:10
FNDA:4,(anonymous_0)
FNDA:3,(anonymous_1)
FNDA:1,(anonymous_2)
FNDA:1,(anonymous_3)
FNDA:0,(anonymous_4)
FNDA:1,(anonymous_5)
FNDA:4,(anonymous_6)
FNDA:2,(anonymous_7)
FNDA:6,(anonymous_8)
FNDA:1,(anonymous_9)
FNDA:1,(anonymous_10)
DA:3,4
DA:6,4
DA:8,3
DA:9,3
DA:11,3
DA:15,3
DA:25,3
DA:27,3
DA:28,6
DA:29,6
DA:30,6
DA:36,6
DA:38,6
DA:39,6
DA:40,3
DA:43,6
DA:49,3
DA:50,1
DA:51,2
DA:52,1
DA:53,1
DA:54,1
DA:57,0
DA:59,0
DA:63,4
DA:64,0
DA:65,0
DA:66,0
DA:67,0
DA:69,0
DA:70,0
DA:72,0
DA:73,0
DA:74,0
DA:77,0
DA:78,0
DA:81,4
DA:82,1
DA:83,4
DA:84,1
DA:85,1
DA:87,1
DA:92,1
DA:93,1
DA:94,1
DA:97,4
DA:98,2
DA:100,2
DA:101,6
DA:102,5
DA:103,4
DA:104,3
DA:105,2
DA:108,2
DA:111,4
DA:112,1
DA:113,1
DA:114,1
DA:115,2
DA:116,2
DA:117,2
DA:118,1
DA:120,2
DA:127,1
LF:64
LH:51
BRDA:39,0,0,3
BRDA:39,0,1,3
BRDA:49,1,0,1
BRDA:49,1,1,2
BRDA:51,2,0,1
BRDA:51,2,1,1
BRDA:53,3,0,1
BRDA:53,3,1,0
BRDA:73,4,0,0
BRDA:73,4,1,0
BRDA:101,5,0,1
BRDA:101,5,1,5
BRDA:102,6,0,1
BRDA:102,6,1,4
BRDA:103,7,0,1
BRDA:103,7,1,3
BRDA:104,8,0,1
BRDA:104,8,1,2
BRDA:105,9,0,1
BRDA:105,9,1,1
BRDA:117,10,0,1
BRDA:117,10,1,1
BRF:22
BRH:19
end_of_record
TN:
SF:src\services\reservation.service.js
FN:3,(anonymous_0)
FN:8,(anonymous_1)
FN:37,(anonymous_2)
FN:47,(anonymous_3)
FN:79,(anonymous_4)
FNF:5
FNH:5
FNDA:1,(anonymous_0)
FNDA:4,(anonymous_1)
FNDA:2,(anonymous_2)
FNDA:6,(anonymous_3)
FNDA:3,(anonymous_4)
DA:4,1
DA:8,1
DA:10,4
DA:12,4
DA:13,1
DA:16,3
DA:18,3
DA:19,1
DA:22,2
DA:24,2
DA:25,1
DA:28,1
DA:34,1
DA:37,1
DA:38,2
DA:40,2
DA:41,1
DA:44,1
DA:47,1
DA:49,6
DA:51,6
DA:52,1
DA:55,5
DA:57,5
DA:58,1
DA:61,4
DA:63,4
DA:64,2
DA:67,2
DA:69,2
DA:70,1
DA:73,1
DA:76,1
DA:79,1
DA:80,3
DA:82,3
DA:83,1
DA:86,2
DA:88,2
DA:89,1
DA:92,1
DA:94,1
LF:42
LH:42
BRDA:12,0,0,1
BRDA:12,0,1,3
BRDA:18,1,0,1
BRDA:18,1,1,2
BRDA:24,2,0,1
BRDA:24,2,1,1
BRDA:40,3,0,1
BRDA:40,3,1,1
BRDA:51,4,0,1
BRDA:51,4,1,5
BRDA:57,5,0,1
BRDA:57,5,1,4
BRDA:63,6,0,2
BRDA:63,6,1,2
BRDA:69,7,0,1
BRDA:69,7,1,1
BRDA:82,8,0,1
BRDA:82,8,1,2
BRDA:88,9,0,1
BRDA:88,9,1,1
BRF:20
BRH:20
end_of_record
TN:
SF:src\services\review.service.js
FN:2,(anonymous_0)
FN:6,(anonymous_1)
FN:8,(anonymous_2)
FN:22,(anonymous_3)
FN:36,(anonymous_4)
FN:54,(anonymous_5)
FN:81,(anonymous_6)
FN:116,(anonymous_7)
FN:156,(anonymous_8)
FNF:9
FNH:9
FNDA:1,(anonymous_0)
FNDA:6,(anonymous_1)
FNDA:14,(anonymous_2)
FNDA:5,(anonymous_3)
FNDA:6,(anonymous_4)
FNDA:5,(anonymous_5)
FNDA:5,(anonymous_6)
FNDA:6,(anonymous_7)
FNDA:4,(anonymous_8)
DA:3,1
DA:6,1
DA:7,6
DA:8,6
DA:9,14
DA:22,1
DA:23,5
DA:24,5
DA:25,5
DA:26,2
DA:32,2
DA:36,1
DA:37,6
DA:38,6
DA:39,6
DA:40,1
DA:45,5
DA:47,1
DA:54,1
DA:55,5
DA:56,5
DA:57,1
DA:62,4
DA:63,1
DA:65,4
DA:66,4
DA:67,1
DA:72,3
DA:73,2
DA:74,2
DA:76,3
DA:81,1
DA:82,5
DA:83,5
DA:84,1
DA:89,4
DA:90,1
DA:95,3
DA:96,3
DA:97,1
DA:102,2
DA:103,1
DA:104,1
DA:106,1
DA:107,1
DA:108,1
DA:111,4
DA:116,1
DA:117,6
DA:118,6
DA:119,1
DA:124,5
DA:125,1
DA:130,4
DA:131,4
DA:132,1
DA:137,3
DA:138,2
DA:139,1
DA:145,1
DA:147,1
DA:148,1
DA:149,1
DA:152,5
DA:156,1
DA:157,4
DA:158,4
DA:159,1
DA:164,3
DA:165,3
DA:166,1
DA:172,2
DA:173,2
DA:174,2
DA:175,2
DA:178,2
LF:76
LH:76
BRDA:25,0,0,2
BRDA:25,0,1,3
BRDA:39,1,0,1
BRDA:39,1,1,5
BRDA:56,2,0,1
BRDA:56,2,1,4
BRDA:62,3,0,1
BRDA:62,3,1,3
BRDA:66,4,0,1
BRDA:66,4,1,3
BRDA:83,5,0,1
BRDA:83,5,1,4
BRDA:89,6,0,1
BRDA:89,6,1,3
BRDA:89,7,0,4
BRDA:89,7,1,3
BRDA:89,7,2,3
BRDA:96,8,0,1
BRDA:96,8,1,2
BRDA:118,9,0,1
BRDA:118,9,1,5
BRDA:124,10,0,1
BRDA:124,10,1,4
BRDA:124,11,0,5
BRDA:124,11,1,4
BRDA:124,11,2,4
BRDA:131,12,0,1
BRDA:131,12,1,3
BRDA:138,13,0,1
BRDA:138,13,1,1
BRDA:158,14,0,1
BRDA:158,14,1,3
BRDA:165,15,0,1
BRDA:165,15,1,2
BRF:34
BRH:34
end_of_record
TN:
SF:src\services\users.service.js
FN:5,(anonymous_0)
FN:12,(anonymous_1)
FN:69,(anonymous_2)
FN:104,(anonymous_3)
FN:109,(anonymous_4)
FNF:5
FNH:5
FNDA:1,(anonymous_0)
FNDA:12,(anonymous_1)
FNDA:5,(anonymous_2)
FNDA:1,(anonymous_3)
FNDA:3,(anonymous_4)
DA:6,1
DA:8,1
DA:12,1
DA:14,12
DA:15,12
DA:16,1
DA:20,11
DA:21,11
DA:22,5
DA:25,6
DA:26,6
DA:27,1
DA:30,5
DA:31,1
DA:33,4
DA:34,1
DA:36,3
DA:37,1
DA:41,2
DA:42,1
DA:46,1
DA:47,1
DA:55,1
DA:62,1
DA:64,6
DA:69,1
DA:70,5
DA:71,2
DA:75,3
DA:78,3
DA:79,1
DA:83,2
DA:84,0
DA:85,0
DA:89,0
DA:90,0
DA:91,0
DA:94,0
DA:100,0
DA:104,1
DA:105,1
DA:109,1
DA:110,3
DA:112,3
DA:114,0
DA:115,0
DA:119,0
DA:121,0
DA:122,0
DA:125,0
DA:128,3
LF:51
LH:38
BRDA:15,0,0,1
BRDA:15,0,1,11
BRDA:21,1,0,5
BRDA:21,1,1,6
BRDA:26,2,0,1
BRDA:26,2,1,5
BRDA:30,3,0,1
BRDA:30,3,1,4
BRDA:33,4,0,1
BRDA:33,4,1,3
BRDA:36,5,0,1
BRDA:36,5,1,2
BRDA:41,6,0,1
BRDA:41,6,1,1
BRDA:70,7,0,2
BRDA:70,7,1,3
BRDA:70,8,0,5
BRDA:70,8,1,4
BRDA:78,9,0,1
BRDA:78,9,1,2
BRDA:84,10,0,0
BRDA:84,10,1,0
BRDA:114,11,0,0
BRDA:114,11,1,0
BRDA:121,12,0,0
BRDA:121,12,1,0
BRF:26
BRH:20
end_of_record
TN:
SF:src\utils\tokenUtils.js
FN:4,extractUserIdFromToken
FNF:1
FNH:0
FNDA:0,extractUserIdFromToken
DA:5,0
DA:8,0
DA:9,0
DA:12,0
DA:13,0
DA:14,0
DA:16,0
DA:17,0
DA:19,0
DA:21,0
LF:10
LH:0
BRDA:8,0,0,0
BRDA:8,0,1,0
BRDA:13,1,0,0
BRDA:13,1,1,0
BRF:4
BRH:0
end_of_record
TN:
SF:src\utils\prisma\index.js
FNF:0
FNH:0
DA:3,1
LF:1
LH:1
BRF:0
BRH:0
end_of_record
